2018-09-11T10:22:40.0494132+03:00 0HLGNBSVOK03N:00000001 [INF] Request starting HTTP/1.1 GET http://localhost:5000/api/articles/2   (ca22a1cb)
2018-09-11T10:22:40.0632543+03:00 0HLGNBSVOK03N:00000001 [INF] Route matched with "{action = \"Get\", controller = \"Articles\"}". Executing action "DemoBlog.Controllers.ArticlesController.Get (DemoBlog)" (a44c0341)
2018-09-11T10:22:40.0938272+03:00 0HLGNBSVOK03N:00000001 [INF] Executing action method "DemoBlog.Controllers.ArticlesController.Get (DemoBlog)" with arguments (["2"]) - Validation state: Valid (4e3479ed)
2018-09-11T10:22:40.0990879+03:00 0HLGNBSVOK03N:00000001 [INF] Entity Framework Core "2.2.0-preview1-35029" initialized '"ApplicationDbContext"' using provider '"Microsoft.EntityFrameworkCore.SqlServer"' with options: "MigrationsAssembly=DemoBlog " (9958f5bb)
2018-09-11T10:22:40.2529148+03:00 0HLGNBSVOK03N:00000001 [INF] Executed DbCommand ("118"ms) [Parameters=["@__id_0='?' (DbType = Int32)"], CommandType='Text', CommandTimeout='30']"
""SELECT TOP(1) [a].[Id], [a].[AuthorId], [a].[Body], [a].[CategoryId], [a].[CreatedBy], [a].[CreatedDate], [a].[Slug], [a].[Title], [a].[UpdatedBy], [a].[UpdatedDate], [a.Category].[Id], [a.Category].[CreatedBy], [a.Category].[CreatedDate], [a.Category].[Name], [a.Category].[Slug], [a.Category].[UpdatedBy], [a.Category].[UpdatedDate], [a.Author].[Id], [a.Author].[AccessFailedCount], [a.Author].[ConcurrencyStamp], [a.Author].[CreatedBy], [a.Author].[CreatedDate], [a.Author].[Email], [a.Author].[EmailConfirmed], [a.Author].[FullName], [a.Author].[IsEnabled], [a.Author].[LockoutEnabled], [a.Author].[LockoutEnd], [a.Author].[NormalizedEmail], [a.Author].[NormalizedUserName], [a.Author].[PasswordHash], [a.Author].[PhoneNumber], [a.Author].[PhoneNumberConfirmed], [a.Author].[SecurityStamp], [a.Author].[TwoFactorEnabled], [a.Author].[UpdatedBy], [a.Author].[UpdatedDate], [a.Author].[UserName]
FROM [AppArticles] AS [a]
LEFT JOIN [AppCategories] AS [a.Category] ON [a].[CategoryId] = [a.Category].[Id]
LEFT JOIN [AspNetUsers] AS [a.Author] ON [a].[AuthorId] = [a.Author].[Id]
WHERE [a].[Id] = @__id_0
ORDER BY [a].[Id]" (0723d8ff)
2018-09-11T10:22:40.2650706+03:00 0HLGNBSVOK03N:00000001 [INF] Executed DbCommand ("10"ms) [Parameters=["@__id_0='?' (DbType = Int32)"], CommandType='Text', CommandTimeout='30']"
""SELECT [a.ArticleTags].[Id], [a.ArticleTags].[ArticleId], [a.ArticleTags].[TagId], [a.ArticleTags].[CreatedBy], [a.ArticleTags].[CreatedDate], [a.ArticleTags].[UpdatedBy], [a.ArticleTags].[UpdatedDate], [a.Tag].[Id], [a.Tag].[CreatedBy], [a.Tag].[CreatedDate], [a.Tag].[Name], [a.Tag].[Slug], [a.Tag].[UpdatedBy], [a.Tag].[UpdatedDate]
FROM [AppArticleTags] AS [a.ArticleTags]
INNER JOIN [AppTags] AS [a.Tag] ON [a.ArticleTags].[TagId] = [a.Tag].[Id]
INNER JOIN (
    SELECT DISTINCT [t].*
    FROM (
        SELECT TOP(1) [a0].[Id]
        FROM [AppArticles] AS [a0]
        LEFT JOIN [AppCategories] AS [a.Category0] ON [a0].[CategoryId] = [a.Category0].[Id]
        LEFT JOIN [AspNetUsers] AS [a.Author0] ON [a0].[AuthorId] = [a.Author0].[Id]
        WHERE [a0].[Id] = @__id_0
        ORDER BY [a0].[Id]
    ) AS [t]
) AS [t0] ON [a.ArticleTags].[ArticleId] = [t0].[Id]
ORDER BY [t0].[Id]" (0723d8ff)
2018-09-11T10:22:40.2770206+03:00 0HLGNBSVOK03N:00000001 [INF] Executed DbCommand ("9"ms) [Parameters=["@__id_0='?' (DbType = Int32)"], CommandType='Text', CommandTimeout='30']"
""SELECT [a.Comments].[Id], [a.Comments].[ArticleId], [a.Comments].[Body], [a.Comments].[CreatedBy], [a.Comments].[CreatedDate], [a.Comments].[UpdatedBy], [a.Comments].[UpdatedDate]
FROM [AppComments] AS [a.Comments]
INNER JOIN (
    SELECT DISTINCT [t1].*
    FROM (
        SELECT TOP(1) [a1].[Id]
        FROM [AppArticles] AS [a1]
        LEFT JOIN [AppCategories] AS [a.Category1] ON [a1].[CategoryId] = [a.Category1].[Id]
        LEFT JOIN [AspNetUsers] AS [a.Author1] ON [a1].[AuthorId] = [a.Author1].[Id]
        WHERE [a1].[Id] = @__id_0
        ORDER BY [a1].[Id]
    ) AS [t1]
) AS [t2] ON [a.Comments].[ArticleId] = [t2].[Id]
ORDER BY [t2].[Id]" (0723d8ff)
2018-09-11T10:22:40.2800507+03:00 0HLGNBSVOK03N:00000001 [INF] Executed action method "DemoBlog.Controllers.ArticlesController.Get (DemoBlog)", returned result "Microsoft.AspNetCore.Mvc.OkObjectResult" in 185.8206ms. (50a9e262)
2018-09-11T10:22:40.2807693+03:00 0HLGNBSVOK03N:00000001 [INF] Executing ObjectResult, writing value of type '"DemoBlog.ViewModels.ArticleViewModel"'. (8a1b66c8)
2018-09-11T10:22:40.2829537+03:00 0HLGNBSVOK03N:00000001 [INF] Executed action "DemoBlog.Controllers.ArticlesController.Get (DemoBlog)" in 219.4629ms (afa2e885)
2018-09-11T10:22:40.2835804+03:00 0HLGNBSVOK03N:00000001 [INF] Request finished in 235.4418ms 200 application/json; charset=utf-8 (791a596a)
2018-09-11T10:22:51.8385427+03:00 0HLGNBSVOK03N:00000002 [INF] Request starting HTTP/1.1 GET http://localhost:5000/api/articles   (ca22a1cb)
2018-09-11T10:22:51.8446426+03:00 0HLGNBSVOK03N:00000002 [INF] Route matched with "{action = \"Get\", controller = \"Articles\"}". Executing action "DemoBlog.Controllers.ArticlesController.Get (DemoBlog)" (a44c0341)
2018-09-11T10:22:51.8545490+03:00 0HLGNBSVOK03N:00000002 [INF] Executing action method "DemoBlog.Controllers.ArticlesController.Get (DemoBlog)" - Validation state: Valid (dad538d7)
2018-09-11T10:22:51.8568412+03:00 0HLGNBSVOK03N:00000002 [INF] Entity Framework Core "2.2.0-preview1-35029" initialized '"ApplicationDbContext"' using provider '"Microsoft.EntityFrameworkCore.SqlServer"' with options: "MigrationsAssembly=DemoBlog " (9958f5bb)
2018-09-11T10:22:51.8781437+03:00 0HLGNBSVOK03N:00000002 [INF] Executed DbCommand ("3"ms) [Parameters=[""], CommandType='Text', CommandTimeout='30']"
""SELECT [a].[Id], [a].[AuthorId], [a].[Body], [a].[CategoryId], [a].[CreatedBy], [a].[CreatedDate], [a].[Slug], [a].[Title], [a].[UpdatedBy], [a].[UpdatedDate]
FROM [AppArticles] AS [a]" (0723d8ff)
2018-09-11T10:22:51.9614490+03:00 0HLGNBSVOK03N:00000002 [INF] Executed action method "DemoBlog.Controllers.ArticlesController.Get (DemoBlog)", returned result "Microsoft.AspNetCore.Mvc.OkObjectResult" in 106.5719ms. (50a9e262)
2018-09-11T10:22:51.9616778+03:00 0HLGNBSVOK03N:00000002 [INF] Executing ObjectResult, writing value of type '"System.Collections.Generic.List`1[[DemoBlog.ViewModels.ArticleViewModel, DemoBlog, Version=1.0.0.0, Culture=neutral, PublicKeyToken=null]]"'. (8a1b66c8)
2018-09-11T10:22:51.9654916+03:00 0HLGNBSVOK03N:00000002 [INF] Executed action "DemoBlog.Controllers.ArticlesController.Get (DemoBlog)" in 120.6312ms (afa2e885)
2018-09-11T10:22:51.9656896+03:00 0HLGNBSVOK03N:00000002 [INF] Request finished in 127.3261ms 200 application/json; charset=utf-8 (791a596a)
2018-09-11T10:30:57.8850136+03:00 0HLGNN221VDSP:00000001 [INF] Request starting HTTP/1.1 GET http://localhost:5000/api/articles   (ca22a1cb)
2018-09-11T10:30:57.9129896+03:00 0HLGNN221VDSP:00000001 [WRN] Failed to determine the https port for redirect. (ca76cc21)
2018-09-11T10:30:58.3224059+03:00 0HLGNN221VDSP:00000001 [INF] Route matched with "{action = \"Get\", controller = \"Articles\"}". Executing action "DemoBlog.Controllers.ArticlesController.Get (DemoBlog)" (a44c0341)
2018-09-11T10:30:58.3452581+03:00 0HLGNN221VDSP:00000001 [INF] Executing action method "DemoBlog.Controllers.ArticlesController.Get (DemoBlog)" - Validation state: Valid (dad538d7)
2018-09-11T10:30:59.4915226+03:00 0HLGNN221VDSP:00000001 [INF] Entity Framework Core "2.2.0-preview1-35029" initialized '"ApplicationDbContext"' using provider '"Microsoft.EntityFrameworkCore.SqlServer"' with options: "MigrationsAssembly=DemoBlog " (9958f5bb)
2018-09-11T10:30:59.9724902+03:00 0HLGNN221VDSP:00000001 [INF] Executed DbCommand ("8"ms) [Parameters=[""], CommandType='Text', CommandTimeout='30']"
""SELECT [a].[Id], [a].[AuthorId], [a].[Body], [a].[CategoryId], [a].[CreatedBy], [a].[CreatedDate], [a].[Slug], [a].[Title], [a].[UpdatedBy], [a].[UpdatedDate]
FROM [AppArticles] AS [a]" (0723d8ff)
2018-09-11T10:31:00.1797421+03:00 0HLGNN221VDSP:00000001 [INF] Executed action method "DemoBlog.Controllers.ArticlesController.Get (DemoBlog)", returned result "Microsoft.AspNetCore.Mvc.OkObjectResult" in 1830.0222ms. (50a9e262)
2018-09-11T10:31:00.1913384+03:00 0HLGNN221VDSP:00000001 [INF] Executing ObjectResult, writing value of type '"System.Collections.Generic.List`1[[DemoBlog.ViewModels.ArticleListViewModel, DemoBlog, Version=1.0.0.0, Culture=neutral, PublicKeyToken=null]]"'. (8a1b66c8)
2018-09-11T10:31:00.2306832+03:00 0HLGNN221VDSP:00000001 [INF] Executed action "DemoBlog.Controllers.ArticlesController.Get (DemoBlog)" in 1903.073ms (afa2e885)
2018-09-11T10:31:00.2407187+03:00 0HLGNN221VDSP:00000001 [INF] Request finished in 2372.4369ms 200 application/json; charset=utf-8 (791a596a)
2018-09-11T10:33:28.0967122+03:00 0HLGNN3EQLMOQ:00000001 [INF] Request starting HTTP/1.1 GET http://localhost:5000/api/articles   (ca22a1cb)
2018-09-11T10:33:28.1240355+03:00 0HLGNN3EQLMOQ:00000001 [WRN] Failed to determine the https port for redirect. (ca76cc21)
2018-09-11T10:33:28.4846947+03:00 0HLGNN3EQLMOQ:00000001 [INF] Route matched with "{action = \"Get\", controller = \"Articles\"}". Executing action "DemoBlog.Controllers.ArticlesController.Get (DemoBlog)" (a44c0341)
2018-09-11T10:33:28.5079965+03:00 0HLGNN3EQLMOQ:00000001 [INF] Executing action method "DemoBlog.Controllers.ArticlesController.Get (DemoBlog)" - Validation state: Valid (dad538d7)
2018-09-11T10:33:29.6268111+03:00 0HLGNN3EQLMOQ:00000001 [INF] Entity Framework Core "2.2.0-preview1-35029" initialized '"ApplicationDbContext"' using provider '"Microsoft.EntityFrameworkCore.SqlServer"' with options: "MigrationsAssembly=DemoBlog " (9958f5bb)
2018-09-11T10:33:30.2937460+03:00 0HLGNN3EQLMOQ:00000001 [INF] Executed DbCommand ("13"ms) [Parameters=[""], CommandType='Text', CommandTimeout='30']"
""SELECT [a].[Id], [a].[AuthorId], [a].[Body], [a].[CategoryId], [a].[CreatedBy], [a].[CreatedDate], [a].[Slug], [a].[Title], [a].[UpdatedBy], [a].[UpdatedDate], [a.Category].[Id], [a.Category].[CreatedBy], [a.Category].[CreatedDate], [a.Category].[Name], [a.Category].[Slug], [a.Category].[UpdatedBy], [a.Category].[UpdatedDate], [a.Author].[Id], [a.Author].[AccessFailedCount], [a.Author].[ConcurrencyStamp], [a.Author].[CreatedBy], [a.Author].[CreatedDate], [a.Author].[Email], [a.Author].[EmailConfirmed], [a.Author].[FullName], [a.Author].[IsEnabled], [a.Author].[LockoutEnabled], [a.Author].[LockoutEnd], [a.Author].[NormalizedEmail], [a.Author].[NormalizedUserName], [a.Author].[PasswordHash], [a.Author].[PhoneNumber], [a.Author].[PhoneNumberConfirmed], [a.Author].[SecurityStamp], [a.Author].[TwoFactorEnabled], [a.Author].[UpdatedBy], [a.Author].[UpdatedDate], [a.Author].[UserName]
FROM [AppArticles] AS [a]
LEFT JOIN [AppCategories] AS [a.Category] ON [a].[CategoryId] = [a.Category].[Id]
LEFT JOIN [AspNetUsers] AS [a.Author] ON [a].[AuthorId] = [a.Author].[Id]" (0723d8ff)
2018-09-11T10:33:30.6059744+03:00 0HLGNN3EQLMOQ:00000001 [INF] Executed action method "DemoBlog.Controllers.ArticlesController.Get (DemoBlog)", returned result "Microsoft.AspNetCore.Mvc.OkObjectResult" in 2092.7351ms. (50a9e262)
2018-09-11T10:33:30.6171520+03:00 0HLGNN3EQLMOQ:00000001 [INF] Executing ObjectResult, writing value of type '"System.Collections.Generic.List`1[[DemoBlog.ViewModels.ArticleListViewModel, DemoBlog, Version=1.0.0.0, Culture=neutral, PublicKeyToken=null]]"'. (8a1b66c8)
2018-09-11T10:33:30.6571495+03:00 0HLGNN3EQLMOQ:00000001 [INF] Executed action "DemoBlog.Controllers.ArticlesController.Get (DemoBlog)" in 2167.1461ms (afa2e885)
2018-09-11T10:33:30.6672253+03:00 0HLGNN3EQLMOQ:00000001 [INF] Request finished in 2587.7871ms 200 application/json; charset=utf-8 (791a596a)
2018-09-11T10:34:06.3199875+03:00 0HLGNN3EQLMOQ:00000002 [INF] Request starting HTTP/1.1 GET http://localhost:5000/api/articles/2   (ca22a1cb)
2018-09-11T10:34:06.3506493+03:00 0HLGNN3EQLMOQ:00000002 [INF] Route matched with "{action = \"Get\", controller = \"Articles\"}". Executing action "DemoBlog.Controllers.ArticlesController.Get (DemoBlog)" (a44c0341)
2018-09-11T10:34:06.3886356+03:00 0HLGNN3EQLMOQ:00000002 [INF] Executing action method "DemoBlog.Controllers.ArticlesController.Get (DemoBlog)" with arguments (["2"]) - Validation state: Valid (4e3479ed)
2018-09-11T10:34:06.3912606+03:00 0HLGNN3EQLMOQ:00000002 [INF] Entity Framework Core "2.2.0-preview1-35029" initialized '"ApplicationDbContext"' using provider '"Microsoft.EntityFrameworkCore.SqlServer"' with options: "MigrationsAssembly=DemoBlog " (9958f5bb)
2018-09-11T10:34:06.6721656+03:00 0HLGNN3EQLMOQ:00000002 [INF] Executed DbCommand ("7"ms) [Parameters=["@__id_0='?' (DbType = Int32)"], CommandType='Text', CommandTimeout='30']"
""SELECT TOP(1) [a].[Id], [a].[AuthorId], [a].[Body], [a].[CategoryId], [a].[CreatedBy], [a].[CreatedDate], [a].[Slug], [a].[Title], [a].[UpdatedBy], [a].[UpdatedDate], [a.Category].[Id], [a.Category].[CreatedBy], [a.Category].[CreatedDate], [a.Category].[Name], [a.Category].[Slug], [a.Category].[UpdatedBy], [a.Category].[UpdatedDate], [a.Author].[Id], [a.Author].[AccessFailedCount], [a.Author].[ConcurrencyStamp], [a.Author].[CreatedBy], [a.Author].[CreatedDate], [a.Author].[Email], [a.Author].[EmailConfirmed], [a.Author].[FullName], [a.Author].[IsEnabled], [a.Author].[LockoutEnabled], [a.Author].[LockoutEnd], [a.Author].[NormalizedEmail], [a.Author].[NormalizedUserName], [a.Author].[PasswordHash], [a.Author].[PhoneNumber], [a.Author].[PhoneNumberConfirmed], [a.Author].[SecurityStamp], [a.Author].[TwoFactorEnabled], [a.Author].[UpdatedBy], [a.Author].[UpdatedDate], [a.Author].[UserName]
FROM [AppArticles] AS [a]
LEFT JOIN [AppCategories] AS [a.Category] ON [a].[CategoryId] = [a.Category].[Id]
LEFT JOIN [AspNetUsers] AS [a.Author] ON [a].[AuthorId] = [a.Author].[Id]
WHERE [a].[Id] = @__id_0
ORDER BY [a].[Id]" (0723d8ff)
2018-09-11T10:34:06.7004765+03:00 0HLGNN3EQLMOQ:00000002 [INF] Executed DbCommand ("5"ms) [Parameters=["@__id_0='?' (DbType = Int32)"], CommandType='Text', CommandTimeout='30']"
""SELECT [a.ArticleTags].[Id], [a.ArticleTags].[ArticleId], [a.ArticleTags].[TagId], [a.ArticleTags].[CreatedBy], [a.ArticleTags].[CreatedDate], [a.ArticleTags].[UpdatedBy], [a.ArticleTags].[UpdatedDate], [a.Tag].[Id], [a.Tag].[CreatedBy], [a.Tag].[CreatedDate], [a.Tag].[Name], [a.Tag].[Slug], [a.Tag].[UpdatedBy], [a.Tag].[UpdatedDate]
FROM [AppArticleTags] AS [a.ArticleTags]
INNER JOIN [AppTags] AS [a.Tag] ON [a.ArticleTags].[TagId] = [a.Tag].[Id]
INNER JOIN (
    SELECT DISTINCT [t].*
    FROM (
        SELECT TOP(1) [a0].[Id]
        FROM [AppArticles] AS [a0]
        LEFT JOIN [AppCategories] AS [a.Category0] ON [a0].[CategoryId] = [a.Category0].[Id]
        LEFT JOIN [AspNetUsers] AS [a.Author0] ON [a0].[AuthorId] = [a.Author0].[Id]
        WHERE [a0].[Id] = @__id_0
        ORDER BY [a0].[Id]
    ) AS [t]
) AS [t0] ON [a.ArticleTags].[ArticleId] = [t0].[Id]
ORDER BY [t0].[Id]" (0723d8ff)
2018-09-11T10:34:06.7472768+03:00 0HLGNN3EQLMOQ:00000002 [INF] Executed DbCommand ("3"ms) [Parameters=["@__id_0='?' (DbType = Int32)"], CommandType='Text', CommandTimeout='30']"
""SELECT [a.Comments].[Id], [a.Comments].[ArticleId], [a.Comments].[Body], [a.Comments].[CreatedBy], [a.Comments].[CreatedDate], [a.Comments].[UpdatedBy], [a.Comments].[UpdatedDate]
FROM [AppComments] AS [a.Comments]
INNER JOIN (
    SELECT DISTINCT [t1].*
    FROM (
        SELECT TOP(1) [a1].[Id]
        FROM [AppArticles] AS [a1]
        LEFT JOIN [AppCategories] AS [a.Category1] ON [a1].[CategoryId] = [a.Category1].[Id]
        LEFT JOIN [AspNetUsers] AS [a.Author1] ON [a1].[AuthorId] = [a.Author1].[Id]
        WHERE [a1].[Id] = @__id_0
        ORDER BY [a1].[Id]
    ) AS [t1]
) AS [t2] ON [a.Comments].[ArticleId] = [t2].[Id]
ORDER BY [t2].[Id]" (0723d8ff)
2018-09-11T10:34:06.7879809+03:00 0HLGNN3EQLMOQ:00000002 [INF] Executed action method "DemoBlog.Controllers.ArticlesController.Get (DemoBlog)", returned result "Microsoft.AspNetCore.Mvc.OkObjectResult" in 399.1399ms. (50a9e262)
2018-09-11T10:34:06.7886392+03:00 0HLGNN3EQLMOQ:00000002 [INF] Executing ObjectResult, writing value of type '"DemoBlog.ViewModels.ArticleViewModel"'. (8a1b66c8)
2018-09-11T10:34:06.8127887+03:00 0HLGNN3EQLMOQ:00000002 [INF] Executed action "DemoBlog.Controllers.ArticlesController.Get (DemoBlog)" in 461.8169ms (afa2e885)
2018-09-11T10:34:06.8134261+03:00 0HLGNN3EQLMOQ:00000002 [INF] Request finished in 493.5125ms 200 application/json; charset=utf-8 (791a596a)
2018-09-11T10:36:43.8342482+03:00 0HLGNN3EQLMOS:00000001 [INF] Request starting HTTP/1.1 GET http://localhost:5000/api/articles/21   (ca22a1cb)
2018-09-11T10:36:43.8358304+03:00 0HLGNN3EQLMOS:00000001 [INF] Route matched with "{action = \"Get\", controller = \"Articles\"}". Executing action "DemoBlog.Controllers.ArticlesController.Get (DemoBlog)" (a44c0341)
2018-09-11T10:36:43.8381504+03:00 0HLGNN3EQLMOS:00000001 [INF] Executing action method "DemoBlog.Controllers.ArticlesController.Get (DemoBlog)" with arguments (["21"]) - Validation state: Valid (4e3479ed)
2018-09-11T10:36:43.8391244+03:00 0HLGNN3EQLMOS:00000001 [INF] Entity Framework Core "2.2.0-preview1-35029" initialized '"ApplicationDbContext"' using provider '"Microsoft.EntityFrameworkCore.SqlServer"' with options: "MigrationsAssembly=DemoBlog " (9958f5bb)
2018-09-11T10:36:43.8644031+03:00 0HLGNN3EQLMOS:00000001 [INF] Executed DbCommand ("6"ms) [Parameters=["@__id_0='?' (DbType = Int32)"], CommandType='Text', CommandTimeout='30']"
""SELECT TOP(1) [a].[Id], [a].[AuthorId], [a].[Body], [a].[CategoryId], [a].[CreatedBy], [a].[CreatedDate], [a].[Slug], [a].[Title], [a].[UpdatedBy], [a].[UpdatedDate], [a.Category].[Id], [a.Category].[CreatedBy], [a.Category].[CreatedDate], [a.Category].[Name], [a.Category].[Slug], [a.Category].[UpdatedBy], [a.Category].[UpdatedDate], [a.Author].[Id], [a.Author].[AccessFailedCount], [a.Author].[ConcurrencyStamp], [a.Author].[CreatedBy], [a.Author].[CreatedDate], [a.Author].[Email], [a.Author].[EmailConfirmed], [a.Author].[FullName], [a.Author].[IsEnabled], [a.Author].[LockoutEnabled], [a.Author].[LockoutEnd], [a.Author].[NormalizedEmail], [a.Author].[NormalizedUserName], [a.Author].[PasswordHash], [a.Author].[PhoneNumber], [a.Author].[PhoneNumberConfirmed], [a.Author].[SecurityStamp], [a.Author].[TwoFactorEnabled], [a.Author].[UpdatedBy], [a.Author].[UpdatedDate], [a.Author].[UserName]
FROM [AppArticles] AS [a]
LEFT JOIN [AppCategories] AS [a.Category] ON [a].[CategoryId] = [a.Category].[Id]
LEFT JOIN [AspNetUsers] AS [a.Author] ON [a].[AuthorId] = [a.Author].[Id]
WHERE [a].[Id] = @__id_0
ORDER BY [a].[Id]" (0723d8ff)
2018-09-11T10:36:43.8646824+03:00 0HLGNN3EQLMOS:00000001 [INF] Executed action method "DemoBlog.Controllers.ArticlesController.Get (DemoBlog)", returned result "Microsoft.AspNetCore.Mvc.OkObjectResult" in 26.4011ms. (50a9e262)
2018-09-11T10:36:43.8648274+03:00 0HLGNN3EQLMOS:00000001 [INF] Executing ObjectResult, writing value of type '"null"'. (8a1b66c8)
2018-09-11T10:36:43.8655507+03:00 0HLGNN3EQLMOS:00000001 [INF] Executed action "DemoBlog.Controllers.ArticlesController.Get (DemoBlog)" in 29.4688ms (afa2e885)
2018-09-11T10:36:43.8673083+03:00 0HLGNN3EQLMOS:00000001 [INF] Request finished in 33.2119ms 204  (791a596a)
2018-09-11T10:36:58.7007764+03:00 0HLGNN3EQLMOS:00000002 [INF] Request starting HTTP/1.1 GET http://localhost:5000/api/articles/2   (ca22a1cb)
2018-09-11T10:36:58.7017944+03:00 0HLGNN3EQLMOS:00000002 [INF] Route matched with "{action = \"Get\", controller = \"Articles\"}". Executing action "DemoBlog.Controllers.ArticlesController.Get (DemoBlog)" (a44c0341)
2018-09-11T10:36:58.7023466+03:00 0HLGNN3EQLMOS:00000002 [INF] Executing action method "DemoBlog.Controllers.ArticlesController.Get (DemoBlog)" with arguments (["2"]) - Validation state: Valid (4e3479ed)
2018-09-11T10:36:58.7034227+03:00 0HLGNN3EQLMOS:00000002 [INF] Entity Framework Core "2.2.0-preview1-35029" initialized '"ApplicationDbContext"' using provider '"Microsoft.EntityFrameworkCore.SqlServer"' with options: "MigrationsAssembly=DemoBlog " (9958f5bb)
2018-09-11T10:36:58.7091335+03:00 0HLGNN3EQLMOS:00000002 [INF] Executed DbCommand ("2"ms) [Parameters=["@__id_0='?' (DbType = Int32)"], CommandType='Text', CommandTimeout='30']"
""SELECT TOP(1) [a].[Id], [a].[AuthorId], [a].[Body], [a].[CategoryId], [a].[CreatedBy], [a].[CreatedDate], [a].[Slug], [a].[Title], [a].[UpdatedBy], [a].[UpdatedDate], [a.Category].[Id], [a.Category].[CreatedBy], [a.Category].[CreatedDate], [a.Category].[Name], [a.Category].[Slug], [a.Category].[UpdatedBy], [a.Category].[UpdatedDate], [a.Author].[Id], [a.Author].[AccessFailedCount], [a.Author].[ConcurrencyStamp], [a.Author].[CreatedBy], [a.Author].[CreatedDate], [a.Author].[Email], [a.Author].[EmailConfirmed], [a.Author].[FullName], [a.Author].[IsEnabled], [a.Author].[LockoutEnabled], [a.Author].[LockoutEnd], [a.Author].[NormalizedEmail], [a.Author].[NormalizedUserName], [a.Author].[PasswordHash], [a.Author].[PhoneNumber], [a.Author].[PhoneNumberConfirmed], [a.Author].[SecurityStamp], [a.Author].[TwoFactorEnabled], [a.Author].[UpdatedBy], [a.Author].[UpdatedDate], [a.Author].[UserName]
FROM [AppArticles] AS [a]
LEFT JOIN [AppCategories] AS [a.Category] ON [a].[CategoryId] = [a.Category].[Id]
LEFT JOIN [AspNetUsers] AS [a.Author] ON [a].[AuthorId] = [a.Author].[Id]
WHERE [a].[Id] = @__id_0
ORDER BY [a].[Id]" (0723d8ff)
2018-09-11T10:36:58.7342321+03:00 0HLGNN3EQLMOS:00000002 [INF] Executed DbCommand ("24"ms) [Parameters=["@__id_0='?' (DbType = Int32)"], CommandType='Text', CommandTimeout='30']"
""SELECT [a.ArticleTags].[Id], [a.ArticleTags].[ArticleId], [a.ArticleTags].[TagId], [a.ArticleTags].[CreatedBy], [a.ArticleTags].[CreatedDate], [a.ArticleTags].[UpdatedBy], [a.ArticleTags].[UpdatedDate], [a.Tag].[Id], [a.Tag].[CreatedBy], [a.Tag].[CreatedDate], [a.Tag].[Name], [a.Tag].[Slug], [a.Tag].[UpdatedBy], [a.Tag].[UpdatedDate]
FROM [AppArticleTags] AS [a.ArticleTags]
INNER JOIN [AppTags] AS [a.Tag] ON [a.ArticleTags].[TagId] = [a.Tag].[Id]
INNER JOIN (
    SELECT DISTINCT [t].*
    FROM (
        SELECT TOP(1) [a0].[Id]
        FROM [AppArticles] AS [a0]
        LEFT JOIN [AppCategories] AS [a.Category0] ON [a0].[CategoryId] = [a.Category0].[Id]
        LEFT JOIN [AspNetUsers] AS [a.Author0] ON [a0].[AuthorId] = [a.Author0].[Id]
        WHERE [a0].[Id] = @__id_0
        ORDER BY [a0].[Id]
    ) AS [t]
) AS [t0] ON [a.ArticleTags].[ArticleId] = [t0].[Id]
ORDER BY [t0].[Id]" (0723d8ff)
2018-09-11T10:36:58.7398372+03:00 0HLGNN3EQLMOS:00000002 [INF] Executed DbCommand ("4"ms) [Parameters=["@__id_0='?' (DbType = Int32)"], CommandType='Text', CommandTimeout='30']"
""SELECT [a.Comments].[Id], [a.Comments].[ArticleId], [a.Comments].[Body], [a.Comments].[CreatedBy], [a.Comments].[CreatedDate], [a.Comments].[UpdatedBy], [a.Comments].[UpdatedDate]
FROM [AppComments] AS [a.Comments]
INNER JOIN (
    SELECT DISTINCT [t1].*
    FROM (
        SELECT TOP(1) [a1].[Id]
        FROM [AppArticles] AS [a1]
        LEFT JOIN [AppCategories] AS [a.Category1] ON [a1].[CategoryId] = [a.Category1].[Id]
        LEFT JOIN [AspNetUsers] AS [a.Author1] ON [a1].[AuthorId] = [a.Author1].[Id]
        WHERE [a1].[Id] = @__id_0
        ORDER BY [a1].[Id]
    ) AS [t1]
) AS [t2] ON [a.Comments].[ArticleId] = [t2].[Id]
ORDER BY [t2].[Id]" (0723d8ff)
2018-09-11T10:36:58.7417582+03:00 0HLGNN3EQLMOS:00000002 [INF] Executed action method "DemoBlog.Controllers.ArticlesController.Get (DemoBlog)", returned result "Microsoft.AspNetCore.Mvc.OkObjectResult" in 39.0975ms. (50a9e262)
2018-09-11T10:36:58.7419207+03:00 0HLGNN3EQLMOS:00000002 [INF] Executing ObjectResult, writing value of type '"DemoBlog.ViewModels.ArticleViewModel"'. (8a1b66c8)
2018-09-11T10:36:58.7423865+03:00 0HLGNN3EQLMOS:00000002 [INF] Executed action "DemoBlog.Controllers.ArticlesController.Get (DemoBlog)" in 40.4855ms (afa2e885)
2018-09-11T10:36:58.7425597+03:00 0HLGNN3EQLMOS:00000002 [INF] Request finished in 41.8859ms 200 application/json; charset=utf-8 (791a596a)
2018-09-11T10:40:10.0186231+03:00 0HLGNN76JNS55:00000001 [INF] Request starting HTTP/1.1 GET http://localhost:5000/api/articles/2   (ca22a1cb)
2018-09-11T10:40:10.0428077+03:00 0HLGNN76JNS55:00000001 [WRN] Failed to determine the https port for redirect. (ca76cc21)
2018-09-11T10:40:10.4080201+03:00 0HLGNN76JNS55:00000001 [INF] Route matched with "{action = \"Get\", controller = \"Articles\"}". Executing action "DemoBlog.Controllers.ArticlesController.Get (DemoBlog)" (a44c0341)
2018-09-11T10:40:10.4600397+03:00 0HLGNN76JNS55:00000001 [INF] Executing action method "DemoBlog.Controllers.ArticlesController.Get (DemoBlog)" with arguments (["2"]) - Validation state: Valid (4e3479ed)
2018-09-11T10:40:11.6489738+03:00 0HLGNN76JNS55:00000001 [INF] Entity Framework Core "2.2.0-preview1-35029" initialized '"ApplicationDbContext"' using provider '"Microsoft.EntityFrameworkCore.SqlServer"' with options: "MigrationsAssembly=DemoBlog " (9958f5bb)
2018-09-11T10:40:12.5755577+03:00 0HLGNN76JNS55:00000001 [INF] Executed DbCommand ("34"ms) [Parameters=["@__id_0='?' (DbType = Int32)"], CommandType='Text', CommandTimeout='30']"
""SELECT TOP(1) [a].[Id], [a].[AuthorId], [a].[Body], [a].[CategoryId], [a].[CreatedBy], [a].[CreatedDate], [a].[Slug], [a].[Title], [a].[UpdatedBy], [a].[UpdatedDate], [a.Category].[Id], [a.Category].[CreatedBy], [a.Category].[CreatedDate], [a.Category].[Name], [a.Category].[Slug], [a.Category].[UpdatedBy], [a.Category].[UpdatedDate], [a.Author].[Id], [a.Author].[AccessFailedCount], [a.Author].[ConcurrencyStamp], [a.Author].[CreatedBy], [a.Author].[CreatedDate], [a.Author].[Email], [a.Author].[EmailConfirmed], [a.Author].[FullName], [a.Author].[IsEnabled], [a.Author].[LockoutEnabled], [a.Author].[LockoutEnd], [a.Author].[NormalizedEmail], [a.Author].[NormalizedUserName], [a.Author].[PasswordHash], [a.Author].[PhoneNumber], [a.Author].[PhoneNumberConfirmed], [a.Author].[SecurityStamp], [a.Author].[TwoFactorEnabled], [a.Author].[UpdatedBy], [a.Author].[UpdatedDate], [a.Author].[UserName]
FROM [AppArticles] AS [a]
LEFT JOIN [AppCategories] AS [a.Category] ON [a].[CategoryId] = [a.Category].[Id]
LEFT JOIN [AspNetUsers] AS [a.Author] ON [a].[AuthorId] = [a.Author].[Id]
WHERE [a].[Id] = @__id_0
ORDER BY [a].[Id]" (0723d8ff)
2018-09-11T10:40:12.7749534+03:00 0HLGNN76JNS55:00000001 [INF] Executed DbCommand ("7"ms) [Parameters=["@__id_0='?' (DbType = Int32)"], CommandType='Text', CommandTimeout='30']"
""SELECT [a.ArticleTags].[Id], [a.ArticleTags].[ArticleId], [a.ArticleTags].[TagId], [a.ArticleTags].[CreatedBy], [a.ArticleTags].[CreatedDate], [a.ArticleTags].[UpdatedBy], [a.ArticleTags].[UpdatedDate], [a.Tag].[Id], [a.Tag].[CreatedBy], [a.Tag].[CreatedDate], [a.Tag].[Name], [a.Tag].[Slug], [a.Tag].[UpdatedBy], [a.Tag].[UpdatedDate]
FROM [AppArticleTags] AS [a.ArticleTags]
INNER JOIN [AppTags] AS [a.Tag] ON [a.ArticleTags].[TagId] = [a.Tag].[Id]
INNER JOIN (
    SELECT DISTINCT [t].*
    FROM (
        SELECT TOP(1) [a0].[Id]
        FROM [AppArticles] AS [a0]
        LEFT JOIN [AppCategories] AS [a.Category0] ON [a0].[CategoryId] = [a.Category0].[Id]
        LEFT JOIN [AspNetUsers] AS [a.Author0] ON [a0].[AuthorId] = [a.Author0].[Id]
        WHERE [a0].[Id] = @__id_0
        ORDER BY [a0].[Id]
    ) AS [t]
) AS [t0] ON [a.ArticleTags].[ArticleId] = [t0].[Id]
ORDER BY [t0].[Id]" (0723d8ff)
2018-09-11T10:40:12.8810912+03:00 0HLGNN76JNS55:00000001 [INF] Executed DbCommand ("4"ms) [Parameters=["@__id_0='?' (DbType = Int32)"], CommandType='Text', CommandTimeout='30']"
""SELECT [a.Comments].[Id], [a.Comments].[ArticleId], [a.Comments].[Body], [a.Comments].[CreatedBy], [a.Comments].[CreatedDate], [a.Comments].[UpdatedBy], [a.Comments].[UpdatedDate]
FROM [AppComments] AS [a.Comments]
INNER JOIN (
    SELECT DISTINCT [t1].*
    FROM (
        SELECT TOP(1) [a1].[Id]
        FROM [AppArticles] AS [a1]
        LEFT JOIN [AppCategories] AS [a.Category1] ON [a1].[CategoryId] = [a.Category1].[Id]
        LEFT JOIN [AspNetUsers] AS [a.Author1] ON [a1].[AuthorId] = [a.Author1].[Id]
        WHERE [a1].[Id] = @__id_0
        ORDER BY [a1].[Id]
    ) AS [t1]
) AS [t2] ON [a.Comments].[ArticleId] = [t2].[Id]
ORDER BY [t2].[Id]" (0723d8ff)
2018-09-11T10:40:12.9367747+03:00 0HLGNN76JNS55:00000001 [INF] Executed action method "DemoBlog.Controllers.ArticlesController.Get (DemoBlog)", returned result "Microsoft.AspNetCore.Mvc.OkObjectResult" in 2471.9628ms. (50a9e262)
2018-09-11T10:40:12.9479313+03:00 0HLGNN76JNS55:00000001 [INF] Executing ObjectResult, writing value of type '"System.Collections.Generic.List`1[[DemoBlog.ViewModels.TagViewModel, DemoBlog, Version=1.0.0.0, Culture=neutral, PublicKeyToken=null]]"'. (8a1b66c8)
2018-09-11T10:40:12.9829936+03:00 0HLGNN76JNS55:00000001 [INF] Executed action "DemoBlog.Controllers.ArticlesController.Get (DemoBlog)" in 2569.3705ms (afa2e885)
2018-09-11T10:40:12.9973202+03:00 0HLGNN76JNS55:00000001 [INF] Request finished in 2993.4851ms 200 application/json; charset=utf-8 (791a596a)
2018-09-11T10:50:29.7355213+03:00 0HLGNNCV9NM1H:00000001 [INF] Request starting HTTP/1.1 GET http://localhost:5000/api/articles/2   (ca22a1cb)
2018-09-11T10:50:29.7587290+03:00 0HLGNNCV9NM1H:00000001 [WRN] Failed to determine the https port for redirect. (ca76cc21)
2018-09-11T10:50:30.1314165+03:00 0HLGNNCV9NM1H:00000001 [INF] Route matched with "{action = \"Get\", controller = \"Articles\"}". Executing action "DemoBlog.Controllers.ArticlesController.Get (DemoBlog)" (a44c0341)
2018-09-11T10:50:30.1864108+03:00 0HLGNNCV9NM1H:00000001 [INF] Executing action method "DemoBlog.Controllers.ArticlesController.Get (DemoBlog)" with arguments (["2"]) - Validation state: Valid (4e3479ed)
2018-09-11T10:50:31.2539696+03:00 0HLGNNCV9NM1H:00000001 [INF] Entity Framework Core "2.2.0-preview1-35029" initialized '"ApplicationDbContext"' using provider '"Microsoft.EntityFrameworkCore.SqlServer"' with options: "MigrationsAssembly=DemoBlog " (9958f5bb)
2018-09-11T10:50:32.1641939+03:00 0HLGNNCV9NM1H:00000001 [INF] Executed DbCommand ("24"ms) [Parameters=["@__id_0='?' (DbType = Int32)"], CommandType='Text', CommandTimeout='30']"
""SELECT TOP(1) [a].[Id], [a].[AuthorId], [a].[Body], [a].[CategoryId], [a].[CreatedBy], [a].[CreatedDate], [a].[Slug], [a].[Title], [a].[UpdatedBy], [a].[UpdatedDate], [a.Category].[Id], [a.Category].[CreatedBy], [a.Category].[CreatedDate], [a.Category].[Name], [a.Category].[Slug], [a.Category].[UpdatedBy], [a.Category].[UpdatedDate], [a.Author].[Id], [a.Author].[AccessFailedCount], [a.Author].[ConcurrencyStamp], [a.Author].[CreatedBy], [a.Author].[CreatedDate], [a.Author].[Email], [a.Author].[EmailConfirmed], [a.Author].[FullName], [a.Author].[IsEnabled], [a.Author].[LockoutEnabled], [a.Author].[LockoutEnd], [a.Author].[NormalizedEmail], [a.Author].[NormalizedUserName], [a.Author].[PasswordHash], [a.Author].[PhoneNumber], [a.Author].[PhoneNumberConfirmed], [a.Author].[SecurityStamp], [a.Author].[TwoFactorEnabled], [a.Author].[UpdatedBy], [a.Author].[UpdatedDate], [a.Author].[UserName]
FROM [AppArticles] AS [a]
LEFT JOIN [AppCategories] AS [a.Category] ON [a].[CategoryId] = [a.Category].[Id]
LEFT JOIN [AspNetUsers] AS [a.Author] ON [a].[AuthorId] = [a.Author].[Id]
WHERE [a].[Id] = @__id_0
ORDER BY [a].[Id]" (0723d8ff)
2018-09-11T10:50:32.3658138+03:00 0HLGNNCV9NM1H:00000001 [INF] Executed DbCommand ("8"ms) [Parameters=["@__id_0='?' (DbType = Int32)"], CommandType='Text', CommandTimeout='30']"
""SELECT [a.ArticleTags].[Id], [a.ArticleTags].[ArticleId], [a.ArticleTags].[TagId], [a.ArticleTags].[CreatedBy], [a.ArticleTags].[CreatedDate], [a.ArticleTags].[UpdatedBy], [a.ArticleTags].[UpdatedDate], [a.Tag].[Id], [a.Tag].[CreatedBy], [a.Tag].[CreatedDate], [a.Tag].[Name], [a.Tag].[Slug], [a.Tag].[UpdatedBy], [a.Tag].[UpdatedDate]
FROM [AppArticleTags] AS [a.ArticleTags]
INNER JOIN [AppTags] AS [a.Tag] ON [a.ArticleTags].[TagId] = [a.Tag].[Id]
INNER JOIN (
    SELECT DISTINCT [t].*
    FROM (
        SELECT TOP(1) [a0].[Id]
        FROM [AppArticles] AS [a0]
        LEFT JOIN [AppCategories] AS [a.Category0] ON [a0].[CategoryId] = [a.Category0].[Id]
        LEFT JOIN [AspNetUsers] AS [a.Author0] ON [a0].[AuthorId] = [a.Author0].[Id]
        WHERE [a0].[Id] = @__id_0
        ORDER BY [a0].[Id]
    ) AS [t]
) AS [t0] ON [a.ArticleTags].[ArticleId] = [t0].[Id]
ORDER BY [t0].[Id]" (0723d8ff)
2018-09-11T10:50:32.4840788+03:00 0HLGNNCV9NM1H:00000001 [INF] Executed DbCommand ("8"ms) [Parameters=["@__id_0='?' (DbType = Int32)"], CommandType='Text', CommandTimeout='30']"
""SELECT [a.Comments].[Id], [a.Comments].[ArticleId], [a.Comments].[Body], [a.Comments].[CreatedBy], [a.Comments].[CreatedDate], [a.Comments].[UpdatedBy], [a.Comments].[UpdatedDate]
FROM [AppComments] AS [a.Comments]
INNER JOIN (
    SELECT DISTINCT [t1].*
    FROM (
        SELECT TOP(1) [a1].[Id]
        FROM [AppArticles] AS [a1]
        LEFT JOIN [AppCategories] AS [a.Category1] ON [a1].[CategoryId] = [a.Category1].[Id]
        LEFT JOIN [AspNetUsers] AS [a.Author1] ON [a1].[AuthorId] = [a.Author1].[Id]
        WHERE [a1].[Id] = @__id_0
        ORDER BY [a1].[Id]
    ) AS [t1]
) AS [t2] ON [a.Comments].[ArticleId] = [t2].[Id]
ORDER BY [t2].[Id]" (0723d8ff)
2018-09-11T10:50:32.5499213+03:00 0HLGNNCV9NM1H:00000001 [INF] Executed action method "DemoBlog.Controllers.ArticlesController.Get (DemoBlog)", returned result "Microsoft.AspNetCore.Mvc.OkObjectResult" in 2359.2151ms. (50a9e262)
2018-09-11T10:50:32.5622979+03:00 0HLGNNCV9NM1H:00000001 [INF] Executing ObjectResult, writing value of type '"DemoBlog.ViewModels.ArticleViewModel"'. (8a1b66c8)
2018-09-11T10:50:32.6158790+03:00 0HLGNNCV9NM1H:00000001 [INF] Executed action "DemoBlog.Controllers.ArticlesController.Get (DemoBlog)" in 2477.6918ms (afa2e885)
2018-09-11T10:50:32.6249637+03:00 0HLGNNCV9NM1H:00000001 [INF] Request finished in 2904.8844ms 200 application/json; charset=utf-8 (791a596a)
2018-09-11T10:54:26.7040092+03:00 0HLGNNF5TMIQF:00000001 [INF] Request starting HTTP/1.1 GET http://localhost:5000/api/articles/2   (ca22a1cb)
2018-09-11T10:54:26.7273833+03:00 0HLGNNF5TMIQF:00000001 [WRN] Failed to determine the https port for redirect. (ca76cc21)
2018-09-11T10:54:27.2174970+03:00 0HLGNNF5TMIQF:00000001 [INF] Route matched with "{action = \"Get\", controller = \"Articles\"}". Executing action "DemoBlog.Controllers.ArticlesController.Get (DemoBlog)" (a44c0341)
2018-09-11T10:54:27.2701025+03:00 0HLGNNF5TMIQF:00000001 [INF] Executing action method "DemoBlog.Controllers.ArticlesController.Get (DemoBlog)" with arguments (["2"]) - Validation state: Valid (4e3479ed)
2018-09-11T10:54:28.3285961+03:00 0HLGNNF5TMIQF:00000001 [INF] Entity Framework Core "2.2.0-preview1-35029" initialized '"ApplicationDbContext"' using provider '"Microsoft.EntityFrameworkCore.SqlServer"' with options: "MigrationsAssembly=DemoBlog " (9958f5bb)
2018-09-11T10:54:29.1946568+03:00 0HLGNNF5TMIQF:00000001 [INF] Executed DbCommand ("10"ms) [Parameters=["@__id_0='?' (DbType = Int32)"], CommandType='Text', CommandTimeout='30']"
""SELECT TOP(1) [a].[Id], [a].[AuthorId], [a].[Body], [a].[CategoryId], [a].[CreatedBy], [a].[CreatedDate], [a].[Slug], [a].[Title], [a].[UpdatedBy], [a].[UpdatedDate], [a.Category].[Id], [a.Category].[CreatedBy], [a.Category].[CreatedDate], [a.Category].[Name], [a.Category].[Slug], [a.Category].[UpdatedBy], [a.Category].[UpdatedDate], [a.Author].[Id], [a.Author].[AccessFailedCount], [a.Author].[ConcurrencyStamp], [a.Author].[CreatedBy], [a.Author].[CreatedDate], [a.Author].[Email], [a.Author].[EmailConfirmed], [a.Author].[FullName], [a.Author].[IsEnabled], [a.Author].[LockoutEnabled], [a.Author].[LockoutEnd], [a.Author].[NormalizedEmail], [a.Author].[NormalizedUserName], [a.Author].[PasswordHash], [a.Author].[PhoneNumber], [a.Author].[PhoneNumberConfirmed], [a.Author].[SecurityStamp], [a.Author].[TwoFactorEnabled], [a.Author].[UpdatedBy], [a.Author].[UpdatedDate], [a.Author].[UserName]
FROM [AppArticles] AS [a]
LEFT JOIN [AppCategories] AS [a.Category] ON [a].[CategoryId] = [a.Category].[Id]
LEFT JOIN [AspNetUsers] AS [a.Author] ON [a].[AuthorId] = [a.Author].[Id]
WHERE [a].[Id] = @__id_0
ORDER BY [a].[Id]" (0723d8ff)
2018-09-11T10:54:29.3890822+03:00 0HLGNNF5TMIQF:00000001 [INF] Executed DbCommand ("6"ms) [Parameters=["@__id_0='?' (DbType = Int32)"], CommandType='Text', CommandTimeout='30']"
""SELECT [a.ArticleTags].[Id], [a.ArticleTags].[ArticleId], [a.ArticleTags].[TagId], [a.ArticleTags].[CreatedBy], [a.ArticleTags].[CreatedDate], [a.ArticleTags].[UpdatedBy], [a.ArticleTags].[UpdatedDate], [a.Tag].[Id], [a.Tag].[CreatedBy], [a.Tag].[CreatedDate], [a.Tag].[Name], [a.Tag].[Slug], [a.Tag].[UpdatedBy], [a.Tag].[UpdatedDate]
FROM [AppArticleTags] AS [a.ArticleTags]
INNER JOIN [AppTags] AS [a.Tag] ON [a.ArticleTags].[TagId] = [a.Tag].[Id]
INNER JOIN (
    SELECT DISTINCT [t].*
    FROM (
        SELECT TOP(1) [a0].[Id]
        FROM [AppArticles] AS [a0]
        LEFT JOIN [AppCategories] AS [a.Category0] ON [a0].[CategoryId] = [a.Category0].[Id]
        LEFT JOIN [AspNetUsers] AS [a.Author0] ON [a0].[AuthorId] = [a.Author0].[Id]
        WHERE [a0].[Id] = @__id_0
        ORDER BY [a0].[Id]
    ) AS [t]
) AS [t0] ON [a.ArticleTags].[ArticleId] = [t0].[Id]
ORDER BY [t0].[Id]" (0723d8ff)
2018-09-11T10:54:29.4942567+03:00 0HLGNNF5TMIQF:00000001 [INF] Executed DbCommand ("4"ms) [Parameters=["@__id_0='?' (DbType = Int32)"], CommandType='Text', CommandTimeout='30']"
""SELECT [a.Comments].[Id], [a.Comments].[ArticleId], [a.Comments].[Body], [a.Comments].[CreatedBy], [a.Comments].[CreatedDate], [a.Comments].[UpdatedBy], [a.Comments].[UpdatedDate]
FROM [AppComments] AS [a.Comments]
INNER JOIN (
    SELECT DISTINCT [t1].*
    FROM (
        SELECT TOP(1) [a1].[Id]
        FROM [AppArticles] AS [a1]
        LEFT JOIN [AppCategories] AS [a.Category1] ON [a1].[CategoryId] = [a.Category1].[Id]
        LEFT JOIN [AspNetUsers] AS [a.Author1] ON [a1].[AuthorId] = [a.Author1].[Id]
        WHERE [a1].[Id] = @__id_0
        ORDER BY [a1].[Id]
    ) AS [t1]
) AS [t2] ON [a.Comments].[ArticleId] = [t2].[Id]
ORDER BY [t2].[Id]" (0723d8ff)
2018-09-11T10:54:29.5650098+03:00 0HLGNNF5TMIQF:00000001 [INF] Executed action method "DemoBlog.Controllers.ArticlesController.Get (DemoBlog)", returned result "Microsoft.AspNetCore.Mvc.OkObjectResult" in 2289.1285ms. (50a9e262)
2018-09-11T10:54:29.5771497+03:00 0HLGNNF5TMIQF:00000001 [INF] Executing ObjectResult, writing value of type '"DemoBlog.ViewModels.ArticleViewModel"'. (8a1b66c8)
2018-09-11T10:54:29.6271464+03:00 0HLGNNF5TMIQF:00000001 [INF] Executed action "DemoBlog.Controllers.ArticlesController.Get (DemoBlog)" in 2403.9704ms (afa2e885)
2018-09-11T10:54:29.6382902+03:00 0HLGNNF5TMIQF:00000001 [INF] Request finished in 2948.9647ms 200 application/json; charset=utf-8 (791a596a)
2018-09-11T11:12:39.7239220+03:00 0HLGNNPBLFIN5:00000001 [INF] Request starting HTTP/1.1 GET http://localhost:5000/api/articles/2   (ca22a1cb)
2018-09-11T11:12:39.7483777+03:00 0HLGNNPBLFIN5:00000001 [WRN] Failed to determine the https port for redirect. (ca76cc21)
2018-09-11T11:12:40.1207886+03:00 0HLGNNPBLFIN5:00000001 [INF] Route matched with "{action = \"Get\", controller = \"Articles\"}". Executing action "DemoBlog.Controllers.ArticlesController.Get (DemoBlog)" (a44c0341)
2018-09-11T11:12:40.1773117+03:00 0HLGNNPBLFIN5:00000001 [INF] Executing action method "DemoBlog.Controllers.ArticlesController.Get (DemoBlog)" with arguments (["2"]) - Validation state: Valid (4e3479ed)
2018-09-11T11:12:41.2911752+03:00 0HLGNNPBLFIN5:00000001 [INF] Entity Framework Core "2.2.0-preview1-35029" initialized '"ApplicationDbContext"' using provider '"Microsoft.EntityFrameworkCore.SqlServer"' with options: "MigrationsAssembly=DemoBlog " (9958f5bb)
2018-09-11T11:12:42.1921211+03:00 0HLGNNPBLFIN5:00000001 [INF] Executed DbCommand ("11"ms) [Parameters=["@__id_0='?' (DbType = Int32)"], CommandType='Text', CommandTimeout='30']"
""SELECT TOP(1) [a].[Id], [a].[AuthorId], [a].[Body], [a].[CategoryId], [a].[CreatedBy], [a].[CreatedDate], [a].[Slug], [a].[Title], [a].[UpdatedBy], [a].[UpdatedDate], [a.Category].[Id], [a.Category].[CreatedBy], [a.Category].[CreatedDate], [a.Category].[Name], [a.Category].[Slug], [a.Category].[UpdatedBy], [a.Category].[UpdatedDate], [a.Author].[Id], [a.Author].[AccessFailedCount], [a.Author].[ConcurrencyStamp], [a.Author].[CreatedBy], [a.Author].[CreatedDate], [a.Author].[Email], [a.Author].[EmailConfirmed], [a.Author].[FullName], [a.Author].[IsEnabled], [a.Author].[LockoutEnabled], [a.Author].[LockoutEnd], [a.Author].[NormalizedEmail], [a.Author].[NormalizedUserName], [a.Author].[PasswordHash], [a.Author].[PhoneNumber], [a.Author].[PhoneNumberConfirmed], [a.Author].[SecurityStamp], [a.Author].[TwoFactorEnabled], [a.Author].[UpdatedBy], [a.Author].[UpdatedDate], [a.Author].[UserName]
FROM [AppArticles] AS [a]
LEFT JOIN [AppCategories] AS [a.Category] ON [a].[CategoryId] = [a.Category].[Id]
LEFT JOIN [AspNetUsers] AS [a.Author] ON [a].[AuthorId] = [a.Author].[Id]
WHERE [a].[Id] = @__id_0
ORDER BY [a].[Id]" (0723d8ff)
2018-09-11T11:12:42.6818884+03:00 0HLGNNPBLFIN5:00000001 [ERR] An exception occurred in the database while iterating the results of a query for context type '"DAL.ApplicationDbContext"'."
""System.ArgumentNullException: Value cannot be null.
Parameter name: source
   at System.Linq.Enumerable.Select[TSource,TResult](IEnumerable`1 source, Func`2 selector)
   at DAL.Models.Article.get_Tags() in D:\Proj\Visual Studio\DemoBlog\DAL\Models\Article.cs:line 24
   at lambda_method(Closure , InternalEntityEntry )
   at Microsoft.EntityFrameworkCore.ChangeTracking.Internal.InternalEntityEntry.RelationshipsSnapshot..ctor(InternalEntityEntry entry)
   at Microsoft.EntityFrameworkCore.ChangeTracking.Internal.InternalEntityEntry.EnsureRelationshipSnapshot()
   at Microsoft.EntityFrameworkCore.ChangeTracking.Internal.InternalEntityEntrySubscriber.SnapshotAndSubscribe(InternalEntityEntry entry)
   at Microsoft.EntityFrameworkCore.ChangeTracking.Internal.StateManager.StartTrackingFromQuery(IEntityType baseEntityType, Object entity, ValueBuffer& valueBuffer, ISet`1 handledForeignKeys)
   at Microsoft.EntityFrameworkCore.Query.Internal.QueryBuffer.StartTracking(Object entity, IEntityType entityType)
   at lambda_method(Closure , QueryContext , Article , Object[] )
   at Microsoft.EntityFrameworkCore.Query.Internal.IncludeCompiler._Include[TEntity](QueryContext queryContext, TEntity entity, Object[] included, Action`3 fixup)
   at lambda_method(Closure , TransparentIdentifier`2 )
   at System.Linq.Enumerable.SelectEnumerableIterator`2.MoveNext()
   at System.Linq.Enumerable.TryGetFirst[TSource](IEnumerable`1 source, Boolean& found)
   at lambda_method(Closure )
   at Microsoft.EntityFrameworkCore.Query.Internal.LinqOperatorProvider.ResultEnumerable`1.GetEnumerator()
   at Microsoft.EntityFrameworkCore.Query.Internal.LinqOperatorProvider._TrackEntities[TOut,TIn](IEnumerable`1 results, QueryContext queryContext, IList`1 entityTrackingInfos, IList`1 entityAccessors)+MoveNext()
   at Microsoft.EntityFrameworkCore.Query.Internal.LinqOperatorProvider.ExceptionInterceptor`1.EnumeratorExceptionInterceptor.MoveNext()" (64e2593c)
System.ArgumentNullException: Value cannot be null.
Parameter name: source
   at System.Linq.Enumerable.Select[TSource,TResult](IEnumerable`1 source, Func`2 selector)
   at DAL.Models.Article.get_Tags() in D:\Proj\Visual Studio\DemoBlog\DAL\Models\Article.cs:line 24
   at lambda_method(Closure , InternalEntityEntry )
   at Microsoft.EntityFrameworkCore.ChangeTracking.Internal.InternalEntityEntry.RelationshipsSnapshot..ctor(InternalEntityEntry entry)
   at Microsoft.EntityFrameworkCore.ChangeTracking.Internal.InternalEntityEntry.EnsureRelationshipSnapshot()
   at Microsoft.EntityFrameworkCore.ChangeTracking.Internal.InternalEntityEntrySubscriber.SnapshotAndSubscribe(InternalEntityEntry entry)
   at Microsoft.EntityFrameworkCore.ChangeTracking.Internal.StateManager.StartTrackingFromQuery(IEntityType baseEntityType, Object entity, ValueBuffer& valueBuffer, ISet`1 handledForeignKeys)
   at Microsoft.EntityFrameworkCore.Query.Internal.QueryBuffer.StartTracking(Object entity, IEntityType entityType)
   at lambda_method(Closure , QueryContext , Article , Object[] )
   at Microsoft.EntityFrameworkCore.Query.Internal.IncludeCompiler._Include[TEntity](QueryContext queryContext, TEntity entity, Object[] included, Action`3 fixup)
   at lambda_method(Closure , TransparentIdentifier`2 )
   at System.Linq.Enumerable.SelectEnumerableIterator`2.MoveNext()
   at System.Linq.Enumerable.TryGetFirst[TSource](IEnumerable`1 source, Boolean& found)
   at lambda_method(Closure )
   at Microsoft.EntityFrameworkCore.Query.Internal.LinqOperatorProvider.ResultEnumerable`1.GetEnumerator()
   at Microsoft.EntityFrameworkCore.Query.Internal.LinqOperatorProvider._TrackEntities[TOut,TIn](IEnumerable`1 results, QueryContext queryContext, IList`1 entityTrackingInfos, IList`1 entityAccessors)+MoveNext()
   at Microsoft.EntityFrameworkCore.Query.Internal.LinqOperatorProvider.ExceptionInterceptor`1.EnumeratorExceptionInterceptor.MoveNext()
2018-09-11T11:12:42.7068703+03:00 0HLGNNPBLFIN5:00000001 [ERR] An exception occurred in the database while iterating the results of a query for context type '"DAL.ApplicationDbContext"'."
""System.ArgumentNullException: Value cannot be null.
Parameter name: source
   at System.Linq.Enumerable.Select[TSource,TResult](IEnumerable`1 source, Func`2 selector)
   at DAL.Models.Article.get_Tags() in D:\Proj\Visual Studio\DemoBlog\DAL\Models\Article.cs:line 24
   at lambda_method(Closure , InternalEntityEntry )
   at Microsoft.EntityFrameworkCore.ChangeTracking.Internal.InternalEntityEntry.RelationshipsSnapshot..ctor(InternalEntityEntry entry)
   at Microsoft.EntityFrameworkCore.ChangeTracking.Internal.InternalEntityEntry.EnsureRelationshipSnapshot()
   at Microsoft.EntityFrameworkCore.ChangeTracking.Internal.InternalEntityEntrySubscriber.SnapshotAndSubscribe(InternalEntityEntry entry)
   at Microsoft.EntityFrameworkCore.ChangeTracking.Internal.StateManager.StartTrackingFromQuery(IEntityType baseEntityType, Object entity, ValueBuffer& valueBuffer, ISet`1 handledForeignKeys)
   at Microsoft.EntityFrameworkCore.Query.Internal.QueryBuffer.StartTracking(Object entity, IEntityType entityType)
   at lambda_method(Closure , QueryContext , Article , Object[] )
   at Microsoft.EntityFrameworkCore.Query.Internal.IncludeCompiler._Include[TEntity](QueryContext queryContext, TEntity entity, Object[] included, Action`3 fixup)
   at lambda_method(Closure , TransparentIdentifier`2 )
   at System.Linq.Enumerable.SelectEnumerableIterator`2.MoveNext()
   at System.Linq.Enumerable.TryGetFirst[TSource](IEnumerable`1 source, Boolean& found)
   at lambda_method(Closure )
   at Microsoft.EntityFrameworkCore.Query.Internal.LinqOperatorProvider.ResultEnumerable`1.GetEnumerator()
   at Microsoft.EntityFrameworkCore.Query.Internal.LinqOperatorProvider._TrackEntities[TOut,TIn](IEnumerable`1 results, QueryContext queryContext, IList`1 entityTrackingInfos, IList`1 entityAccessors)+MoveNext()
   at Microsoft.EntityFrameworkCore.Query.Internal.LinqOperatorProvider.ExceptionInterceptor`1.EnumeratorExceptionInterceptor.MoveNext()
   at System.Linq.Enumerable.TryGetFirst[TSource](IEnumerable`1 source, Boolean& found)
   at System.Linq.Enumerable.First[TSource](IEnumerable`1 source)
   at Microsoft.EntityFrameworkCore.Query.Internal.QueryCompiler.<>c__DisplayClass15_1`1.<CompileQueryCore>b__0(QueryContext qc)" (64e2593c)
System.ArgumentNullException: Value cannot be null.
Parameter name: source
   at System.Linq.Enumerable.Select[TSource,TResult](IEnumerable`1 source, Func`2 selector)
   at DAL.Models.Article.get_Tags() in D:\Proj\Visual Studio\DemoBlog\DAL\Models\Article.cs:line 24
   at lambda_method(Closure , InternalEntityEntry )
   at Microsoft.EntityFrameworkCore.ChangeTracking.Internal.InternalEntityEntry.RelationshipsSnapshot..ctor(InternalEntityEntry entry)
   at Microsoft.EntityFrameworkCore.ChangeTracking.Internal.InternalEntityEntry.EnsureRelationshipSnapshot()
   at Microsoft.EntityFrameworkCore.ChangeTracking.Internal.InternalEntityEntrySubscriber.SnapshotAndSubscribe(InternalEntityEntry entry)
   at Microsoft.EntityFrameworkCore.ChangeTracking.Internal.StateManager.StartTrackingFromQuery(IEntityType baseEntityType, Object entity, ValueBuffer& valueBuffer, ISet`1 handledForeignKeys)
   at Microsoft.EntityFrameworkCore.Query.Internal.QueryBuffer.StartTracking(Object entity, IEntityType entityType)
   at lambda_method(Closure , QueryContext , Article , Object[] )
   at Microsoft.EntityFrameworkCore.Query.Internal.IncludeCompiler._Include[TEntity](QueryContext queryContext, TEntity entity, Object[] included, Action`3 fixup)
   at lambda_method(Closure , TransparentIdentifier`2 )
   at System.Linq.Enumerable.SelectEnumerableIterator`2.MoveNext()
   at System.Linq.Enumerable.TryGetFirst[TSource](IEnumerable`1 source, Boolean& found)
   at lambda_method(Closure )
   at Microsoft.EntityFrameworkCore.Query.Internal.LinqOperatorProvider.ResultEnumerable`1.GetEnumerator()
   at Microsoft.EntityFrameworkCore.Query.Internal.LinqOperatorProvider._TrackEntities[TOut,TIn](IEnumerable`1 results, QueryContext queryContext, IList`1 entityTrackingInfos, IList`1 entityAccessors)+MoveNext()
   at Microsoft.EntityFrameworkCore.Query.Internal.LinqOperatorProvider.ExceptionInterceptor`1.EnumeratorExceptionInterceptor.MoveNext()
   at System.Linq.Enumerable.TryGetFirst[TSource](IEnumerable`1 source, Boolean& found)
   at System.Linq.Enumerable.First[TSource](IEnumerable`1 source)
   at Microsoft.EntityFrameworkCore.Query.Internal.QueryCompiler.<>c__DisplayClass15_1`1.<CompileQueryCore>b__0(QueryContext qc)
2018-09-11T11:12:42.7222256+03:00 0HLGNNPBLFIN5:00000001 [INF] Executed action "DemoBlog.Controllers.ArticlesController.Get (DemoBlog)" in 2594.7147ms (afa2e885)
2018-09-11T11:12:42.9085399+03:00 0HLGNNPBLFIN5:00000001 [ERR] An unhandled exception has occurred while executing the request. (48a46595)
System.ArgumentNullException: Value cannot be null.
Parameter name: source
   at System.Linq.Enumerable.Select[TSource,TResult](IEnumerable`1 source, Func`2 selector)
   at DAL.Models.Article.get_Tags() in D:\Proj\Visual Studio\DemoBlog\DAL\Models\Article.cs:line 24
   at lambda_method(Closure , InternalEntityEntry )
   at Microsoft.EntityFrameworkCore.ChangeTracking.Internal.InternalEntityEntry.RelationshipsSnapshot..ctor(InternalEntityEntry entry)
   at Microsoft.EntityFrameworkCore.ChangeTracking.Internal.InternalEntityEntry.EnsureRelationshipSnapshot()
   at Microsoft.EntityFrameworkCore.ChangeTracking.Internal.InternalEntityEntrySubscriber.SnapshotAndSubscribe(InternalEntityEntry entry)
   at Microsoft.EntityFrameworkCore.ChangeTracking.Internal.StateManager.StartTrackingFromQuery(IEntityType baseEntityType, Object entity, ValueBuffer& valueBuffer, ISet`1 handledForeignKeys)
   at Microsoft.EntityFrameworkCore.Query.Internal.QueryBuffer.StartTracking(Object entity, IEntityType entityType)
   at lambda_method(Closure , QueryContext , Article , Object[] )
   at Microsoft.EntityFrameworkCore.Query.Internal.IncludeCompiler._Include[TEntity](QueryContext queryContext, TEntity entity, Object[] included, Action`3 fixup)
   at lambda_method(Closure , TransparentIdentifier`2 )
   at System.Linq.Enumerable.SelectEnumerableIterator`2.MoveNext()
   at System.Linq.Enumerable.TryGetFirst[TSource](IEnumerable`1 source, Boolean& found)
   at lambda_method(Closure )
   at Microsoft.EntityFrameworkCore.Query.Internal.LinqOperatorProvider.ResultEnumerable`1.GetEnumerator()
   at Microsoft.EntityFrameworkCore.Query.Internal.LinqOperatorProvider._TrackEntities[TOut,TIn](IEnumerable`1 results, QueryContext queryContext, IList`1 entityTrackingInfos, IList`1 entityAccessors)+MoveNext()
   at Microsoft.EntityFrameworkCore.Query.Internal.LinqOperatorProvider.ExceptionInterceptor`1.EnumeratorExceptionInterceptor.MoveNext()
   at System.Linq.Enumerable.TryGetFirst[TSource](IEnumerable`1 source, Boolean& found)
   at System.Linq.Enumerable.First[TSource](IEnumerable`1 source)
   at Microsoft.EntityFrameworkCore.Query.Internal.QueryCompiler.<>c__DisplayClass15_1`1.<CompileQueryCore>b__0(QueryContext qc)
   at System.Linq.Queryable.FirstOrDefault[TSource](IQueryable`1 source, Expression`1 predicate)
   at DAL.Repositories.ArticleRepository.GetArticleById(Int32 id) in D:\Proj\Visual Studio\DemoBlog\DAL\Repositories\ArticleRepository.cs:line 26
   at DemoBlog.Controllers.ArticlesController.Get(Int32 id) in D:\Proj\Visual Studio\DemoBlog\DemoBlog\Controllers\ArticlesController.cs:line 46
   at lambda_method(Closure , Object , Object[] )
   at Microsoft.Extensions.Internal.ObjectMethodExecutor.Execute(Object target, Object[] parameters)
   at Microsoft.AspNetCore.Mvc.Internal.ActionMethodExecutor.SyncActionResultExecutor.Execute(IActionResultTypeMapper mapper, ObjectMethodExecutor executor, Object controller, Object[] arguments)
   at Microsoft.AspNetCore.Mvc.Internal.ControllerActionInvoker.InvokeActionMethodAsync()
   at Microsoft.AspNetCore.Mvc.Internal.ControllerActionInvoker.InvokeNextActionFilterAsync()
   at Microsoft.AspNetCore.Mvc.Internal.ControllerActionInvoker.Rethrow(ActionExecutedContext context)
   at Microsoft.AspNetCore.Mvc.Internal.ControllerActionInvoker.Next(State& next, Scope& scope, Object& state, Boolean& isCompleted)
   at Microsoft.AspNetCore.Mvc.Internal.ControllerActionInvoker.InvokeInnerFilterAsync()
   at Microsoft.AspNetCore.Mvc.Internal.ResourceInvoker.InvokeNextResourceFilter()
   at Microsoft.AspNetCore.Mvc.Internal.ResourceInvoker.Rethrow(ResourceExecutedContext context)
   at Microsoft.AspNetCore.Mvc.Internal.ResourceInvoker.Next(State& next, Scope& scope, Object& state, Boolean& isCompleted)
   at Microsoft.AspNetCore.Mvc.Internal.ResourceInvoker.InvokeFilterPipelineAsync()
   at Microsoft.AspNetCore.Mvc.Internal.ResourceInvoker.InvokeAsync()
   at Microsoft.AspNetCore.Builder.RouterMiddleware.Invoke(HttpContext httpContext)
   at Microsoft.AspNetCore.StaticFiles.StaticFileMiddleware.Invoke(HttpContext context)
   at Swashbuckle.AspNetCore.SwaggerUI.SwaggerUIIndexMiddleware.Invoke(HttpContext httpContext)
   at Swashbuckle.AspNetCore.Swagger.SwaggerMiddleware.Invoke(HttpContext httpContext)
   at Microsoft.AspNetCore.Authentication.AuthenticationMiddleware.Invoke(HttpContext context)
   at Microsoft.AspNetCore.StaticFiles.StaticFileMiddleware.Invoke(HttpContext context)
   at Microsoft.AspNetCore.Cors.Infrastructure.CorsMiddleware.Invoke(HttpContext context)
   at Microsoft.AspNetCore.Diagnostics.DeveloperExceptionPageMiddleware.Invoke(HttpContext context)
2018-09-11T11:12:43.0358711+03:00 0HLGNNPBLFIN5:00000001 [INF] Request finished in 3326.5408ms 500 text/html; charset=utf-8 (791a596a)
2018-09-11T11:15:33.7879578+03:00 0HLGNNQVHEA0C:00000001 [INF] Request starting HTTP/1.1 GET http://localhost:5000/api/articles/2   (ca22a1cb)
2018-09-11T11:15:33.8097762+03:00 0HLGNNQVHEA0C:00000001 [WRN] Failed to determine the https port for redirect. (ca76cc21)
2018-09-11T11:15:34.2389474+03:00 0HLGNNQVHEA0C:00000001 [INF] Route matched with "{action = \"Get\", controller = \"Articles\"}". Executing action "DemoBlog.Controllers.ArticlesController.Get (DemoBlog)" (a44c0341)
2018-09-11T11:15:34.3179994+03:00 0HLGNNQVHEA0C:00000001 [INF] Executing action method "DemoBlog.Controllers.ArticlesController.Get (DemoBlog)" with arguments (["2"]) - Validation state: Valid (4e3479ed)
2018-09-11T11:15:35.4633071+03:00 0HLGNNQVHEA0C:00000001 [INF] Entity Framework Core "2.2.0-preview1-35029" initialized '"ApplicationDbContext"' using provider '"Microsoft.EntityFrameworkCore.SqlServer"' with options: "MigrationsAssembly=DemoBlog " (9958f5bb)
2018-09-11T11:15:36.3670277+03:00 0HLGNNQVHEA0C:00000001 [INF] Executed DbCommand ("10"ms) [Parameters=["@__id_0='?' (DbType = Int32)"], CommandType='Text', CommandTimeout='30']"
""SELECT TOP(1) [a].[Id], [a].[AuthorId], [a].[Body], [a].[CategoryId], [a].[CreatedBy], [a].[CreatedDate], [a].[Slug], [a].[Title], [a].[UpdatedBy], [a].[UpdatedDate], [a.Category].[Id], [a.Category].[CreatedBy], [a.Category].[CreatedDate], [a.Category].[Name], [a.Category].[Slug], [a.Category].[UpdatedBy], [a.Category].[UpdatedDate], [a.Author].[Id], [a.Author].[AccessFailedCount], [a.Author].[ConcurrencyStamp], [a.Author].[CreatedBy], [a.Author].[CreatedDate], [a.Author].[Email], [a.Author].[EmailConfirmed], [a.Author].[FullName], [a.Author].[IsEnabled], [a.Author].[LockoutEnabled], [a.Author].[LockoutEnd], [a.Author].[NormalizedEmail], [a.Author].[NormalizedUserName], [a.Author].[PasswordHash], [a.Author].[PhoneNumber], [a.Author].[PhoneNumberConfirmed], [a.Author].[SecurityStamp], [a.Author].[TwoFactorEnabled], [a.Author].[UpdatedBy], [a.Author].[UpdatedDate], [a.Author].[UserName]
FROM [AppArticles] AS [a]
LEFT JOIN [AppCategories] AS [a.Category] ON [a].[CategoryId] = [a.Category].[Id]
LEFT JOIN [AspNetUsers] AS [a.Author] ON [a].[AuthorId] = [a.Author].[Id]
WHERE [a].[Id] = @__id_0
ORDER BY [a].[Id]" (0723d8ff)
2018-09-11T11:15:36.5997487+03:00 0HLGNNQVHEA0C:00000001 [ERR] An exception occurred in the database while iterating the results of a query for context type '"DAL.ApplicationDbContext"'."
""System.ArgumentNullException: Value cannot be null.
Parameter name: source
   at System.Linq.Enumerable.Select[TSource,TResult](IEnumerable`1 source, Func`2 selector)
   at DAL.Models.Article.get_Tags() in D:\Proj\Visual Studio\DemoBlog\DAL\Models\Article.cs:line 24
   at lambda_method(Closure , InternalEntityEntry )
   at Microsoft.EntityFrameworkCore.ChangeTracking.Internal.InternalEntityEntry.RelationshipsSnapshot..ctor(InternalEntityEntry entry)
   at Microsoft.EntityFrameworkCore.ChangeTracking.Internal.InternalEntityEntry.EnsureRelationshipSnapshot()
   at Microsoft.EntityFrameworkCore.ChangeTracking.Internal.InternalEntityEntrySubscriber.SnapshotAndSubscribe(InternalEntityEntry entry)
   at Microsoft.EntityFrameworkCore.ChangeTracking.Internal.StateManager.StartTrackingFromQuery(IEntityType baseEntityType, Object entity, ValueBuffer& valueBuffer, ISet`1 handledForeignKeys)
   at Microsoft.EntityFrameworkCore.Query.Internal.QueryBuffer.StartTracking(Object entity, IEntityType entityType)
   at lambda_method(Closure , QueryContext , Article , Object[] )
   at Microsoft.EntityFrameworkCore.Query.Internal.IncludeCompiler._Include[TEntity](QueryContext queryContext, TEntity entity, Object[] included, Action`3 fixup)
   at lambda_method(Closure , TransparentIdentifier`2 )
   at System.Linq.Enumerable.SelectEnumerableIterator`2.MoveNext()
   at System.Linq.Enumerable.TryGetFirst[TSource](IEnumerable`1 source, Boolean& found)
   at lambda_method(Closure )
   at Microsoft.EntityFrameworkCore.Query.Internal.LinqOperatorProvider.ResultEnumerable`1.GetEnumerator()
   at Microsoft.EntityFrameworkCore.Query.Internal.LinqOperatorProvider._TrackEntities[TOut,TIn](IEnumerable`1 results, QueryContext queryContext, IList`1 entityTrackingInfos, IList`1 entityAccessors)+MoveNext()
   at Microsoft.EntityFrameworkCore.Query.Internal.LinqOperatorProvider.ExceptionInterceptor`1.EnumeratorExceptionInterceptor.MoveNext()" (64e2593c)
System.ArgumentNullException: Value cannot be null.
Parameter name: source
   at System.Linq.Enumerable.Select[TSource,TResult](IEnumerable`1 source, Func`2 selector)
   at DAL.Models.Article.get_Tags() in D:\Proj\Visual Studio\DemoBlog\DAL\Models\Article.cs:line 24
   at lambda_method(Closure , InternalEntityEntry )
   at Microsoft.EntityFrameworkCore.ChangeTracking.Internal.InternalEntityEntry.RelationshipsSnapshot..ctor(InternalEntityEntry entry)
   at Microsoft.EntityFrameworkCore.ChangeTracking.Internal.InternalEntityEntry.EnsureRelationshipSnapshot()
   at Microsoft.EntityFrameworkCore.ChangeTracking.Internal.InternalEntityEntrySubscriber.SnapshotAndSubscribe(InternalEntityEntry entry)
   at Microsoft.EntityFrameworkCore.ChangeTracking.Internal.StateManager.StartTrackingFromQuery(IEntityType baseEntityType, Object entity, ValueBuffer& valueBuffer, ISet`1 handledForeignKeys)
   at Microsoft.EntityFrameworkCore.Query.Internal.QueryBuffer.StartTracking(Object entity, IEntityType entityType)
   at lambda_method(Closure , QueryContext , Article , Object[] )
   at Microsoft.EntityFrameworkCore.Query.Internal.IncludeCompiler._Include[TEntity](QueryContext queryContext, TEntity entity, Object[] included, Action`3 fixup)
   at lambda_method(Closure , TransparentIdentifier`2 )
   at System.Linq.Enumerable.SelectEnumerableIterator`2.MoveNext()
   at System.Linq.Enumerable.TryGetFirst[TSource](IEnumerable`1 source, Boolean& found)
   at lambda_method(Closure )
   at Microsoft.EntityFrameworkCore.Query.Internal.LinqOperatorProvider.ResultEnumerable`1.GetEnumerator()
   at Microsoft.EntityFrameworkCore.Query.Internal.LinqOperatorProvider._TrackEntities[TOut,TIn](IEnumerable`1 results, QueryContext queryContext, IList`1 entityTrackingInfos, IList`1 entityAccessors)+MoveNext()
   at Microsoft.EntityFrameworkCore.Query.Internal.LinqOperatorProvider.ExceptionInterceptor`1.EnumeratorExceptionInterceptor.MoveNext()
   at System.Linq.Enumerable.TryGetFirst[TSource](IEnumerable`1 source, Boolean& found)
   at System.Linq.Enumerable.First[TSource](IEnumerable`1 source)
   at Microsoft.EntityFrameworkCore.Query.Internal.QueryCompiler.<>c__DisplayClass15_1`1.<CompileQueryCore>b__0(QueryContext qc)
   at System.Linq.Queryable.FirstOrDefault[TSource](IQueryable`1 source, Expression`1 predicate)
   at DAL.Repositories.ArticleRepository.GetArticleById(Int32 id) in D:\Proj\Visual Studio\DemoBlog\DAL\Repositories\ArticleRepository.cs:line 26
   at DemoBlog.Controllers.ArticlesController.Get(Int32 id) in D:\Proj\Visual Studio\DemoBlog\DemoBlog\Controllers\ArticlesController.cs:line 46
   at lambda_method(Closure , Object , Object[] )
   at Microsoft.Extensions.Internal.ObjectMethodExecutor.Execute(Object target, Object[] parameters)
   at Microsoft.AspNetCore.Mvc.Internal.ActionMethodExecutor.SyncActionResultExecutor.Execute(IActionResultTypeMapper mapper, ObjectMethodExecutor executor, Object controller, Object[] arguments)
   at Microsoft.AspNetCore.Mvc.Internal.ControllerActionInvoker.InvokeActionMethodAsync()
   at Microsoft.AspNetCore.Mvc.Internal.ControllerActionInvoker.InvokeNextActionFilterAsync()
   at Microsoft.AspNetCore.Mvc.Internal.ControllerActionInvoker.Rethrow(ActionExecutedContext context)
   at Microsoft.AspNetCore.Mvc.Internal.ControllerActionInvoker.Next(State& next, Scope& scope, Object& state, Boolean& isCompleted)
   at Microsoft.AspNetCore.Mvc.Internal.ControllerActionInvoker.InvokeInnerFilterAsync()
   at Microsoft.AspNetCore.Mvc.Internal.ResourceInvoker.InvokeNextResourceFilter()
   at Microsoft.AspNetCore.Mvc.Internal.ResourceInvoker.Rethrow(ResourceExecutedContext context)
   at Microsoft.AspNetCore.Mvc.Internal.ResourceInvoker.Next(State& next, Scope& scope, Object& state, Boolean& isCompleted)
   at Microsoft.AspNetCore.Mvc.Internal.ResourceInvoker.InvokeFilterPipelineAsync()
   at Microsoft.AspNetCore.Mvc.Internal.ResourceInvoker.InvokeAsync()
   at Microsoft.AspNetCore.Builder.RouterMiddleware.Invoke(HttpContext httpContext)
   at Microsoft.AspNetCore.StaticFiles.StaticFileMiddleware.Invoke(HttpContext context)
   at Swashbuckle.AspNetCore.SwaggerUI.SwaggerUIIndexMiddleware.Invoke(HttpContext httpContext)
   at Swashbuckle.AspNetCore.Swagger.SwaggerMiddleware.Invoke(HttpContext httpContext)
   at Microsoft.AspNetCore.Authentication.AuthenticationMiddleware.Invoke(HttpContext context)
   at Microsoft.AspNetCore.StaticFiles.StaticFileMiddleware.Invoke(HttpContext context)
   at Microsoft.AspNetCore.Cors.Infrastructure.CorsMiddleware.Invoke(HttpContext context)
   at Microsoft.AspNetCore.Diagnostics.DeveloperExceptionPageMiddleware.Invoke(HttpContext context)
2018-09-11T11:15:36.6058332+03:00 0HLGNNQVHEA0C:00000001 [ERR] An exception occurred in the database while iterating the results of a query for context type '"DAL.ApplicationDbContext"'."
""System.ArgumentNullException: Value cannot be null.
Parameter name: source
   at System.Linq.Enumerable.Select[TSource,TResult](IEnumerable`1 source, Func`2 selector)
   at DAL.Models.Article.get_Tags() in D:\Proj\Visual Studio\DemoBlog\DAL\Models\Article.cs:line 24
   at lambda_method(Closure , InternalEntityEntry )
   at Microsoft.EntityFrameworkCore.ChangeTracking.Internal.InternalEntityEntry.RelationshipsSnapshot..ctor(InternalEntityEntry entry)
   at Microsoft.EntityFrameworkCore.ChangeTracking.Internal.InternalEntityEntry.EnsureRelationshipSnapshot()
   at Microsoft.EntityFrameworkCore.ChangeTracking.Internal.InternalEntityEntrySubscriber.SnapshotAndSubscribe(InternalEntityEntry entry)
   at Microsoft.EntityFrameworkCore.ChangeTracking.Internal.StateManager.StartTrackingFromQuery(IEntityType baseEntityType, Object entity, ValueBuffer& valueBuffer, ISet`1 handledForeignKeys)
   at Microsoft.EntityFrameworkCore.Query.Internal.QueryBuffer.StartTracking(Object entity, IEntityType entityType)
   at lambda_method(Closure , QueryContext , Article , Object[] )
   at Microsoft.EntityFrameworkCore.Query.Internal.IncludeCompiler._Include[TEntity](QueryContext queryContext, TEntity entity, Object[] included, Action`3 fixup)
   at lambda_method(Closure , TransparentIdentifier`2 )
   at System.Linq.Enumerable.SelectEnumerableIterator`2.MoveNext()
   at System.Linq.Enumerable.TryGetFirst[TSource](IEnumerable`1 source, Boolean& found)
   at lambda_method(Closure )
   at Microsoft.EntityFrameworkCore.Query.Internal.LinqOperatorProvider.ResultEnumerable`1.GetEnumerator()
   at Microsoft.EntityFrameworkCore.Query.Internal.LinqOperatorProvider._TrackEntities[TOut,TIn](IEnumerable`1 results, QueryContext queryContext, IList`1 entityTrackingInfos, IList`1 entityAccessors)+MoveNext()
   at Microsoft.EntityFrameworkCore.Query.Internal.LinqOperatorProvider.ExceptionInterceptor`1.EnumeratorExceptionInterceptor.MoveNext()
   at System.Linq.Enumerable.TryGetFirst[TSource](IEnumerable`1 source, Boolean& found)
   at System.Linq.Enumerable.First[TSource](IEnumerable`1 source)
   at Microsoft.EntityFrameworkCore.Query.Internal.QueryCompiler.<>c__DisplayClass15_1`1.<CompileQueryCore>b__0(QueryContext qc)" (64e2593c)
System.ArgumentNullException: Value cannot be null.
Parameter name: source
   at System.Linq.Enumerable.Select[TSource,TResult](IEnumerable`1 source, Func`2 selector)
   at DAL.Models.Article.get_Tags() in D:\Proj\Visual Studio\DemoBlog\DAL\Models\Article.cs:line 24
   at lambda_method(Closure , InternalEntityEntry )
   at Microsoft.EntityFrameworkCore.ChangeTracking.Internal.InternalEntityEntry.RelationshipsSnapshot..ctor(InternalEntityEntry entry)
   at Microsoft.EntityFrameworkCore.ChangeTracking.Internal.InternalEntityEntry.EnsureRelationshipSnapshot()
   at Microsoft.EntityFrameworkCore.ChangeTracking.Internal.InternalEntityEntrySubscriber.SnapshotAndSubscribe(InternalEntityEntry entry)
   at Microsoft.EntityFrameworkCore.ChangeTracking.Internal.StateManager.StartTrackingFromQuery(IEntityType baseEntityType, Object entity, ValueBuffer& valueBuffer, ISet`1 handledForeignKeys)
   at Microsoft.EntityFrameworkCore.Query.Internal.QueryBuffer.StartTracking(Object entity, IEntityType entityType)
   at lambda_method(Closure , QueryContext , Article , Object[] )
   at Microsoft.EntityFrameworkCore.Query.Internal.IncludeCompiler._Include[TEntity](QueryContext queryContext, TEntity entity, Object[] included, Action`3 fixup)
   at lambda_method(Closure , TransparentIdentifier`2 )
   at System.Linq.Enumerable.SelectEnumerableIterator`2.MoveNext()
   at System.Linq.Enumerable.TryGetFirst[TSource](IEnumerable`1 source, Boolean& found)
   at lambda_method(Closure )
   at Microsoft.EntityFrameworkCore.Query.Internal.LinqOperatorProvider.ResultEnumerable`1.GetEnumerator()
   at Microsoft.EntityFrameworkCore.Query.Internal.LinqOperatorProvider._TrackEntities[TOut,TIn](IEnumerable`1 results, QueryContext queryContext, IList`1 entityTrackingInfos, IList`1 entityAccessors)+MoveNext()
   at Microsoft.EntityFrameworkCore.Query.Internal.LinqOperatorProvider.ExceptionInterceptor`1.EnumeratorExceptionInterceptor.MoveNext()
   at System.Linq.Enumerable.TryGetFirst[TSource](IEnumerable`1 source, Boolean& found)
   at System.Linq.Enumerable.First[TSource](IEnumerable`1 source)
   at Microsoft.EntityFrameworkCore.Query.Internal.QueryCompiler.<>c__DisplayClass15_1`1.<CompileQueryCore>b__0(QueryContext qc)
   at System.Linq.Queryable.FirstOrDefault[TSource](IQueryable`1 source, Expression`1 predicate)
   at DAL.Repositories.ArticleRepository.GetArticleById(Int32 id) in D:\Proj\Visual Studio\DemoBlog\DAL\Repositories\ArticleRepository.cs:line 26
   at DemoBlog.Controllers.ArticlesController.Get(Int32 id) in D:\Proj\Visual Studio\DemoBlog\DemoBlog\Controllers\ArticlesController.cs:line 46
   at lambda_method(Closure , Object , Object[] )
   at Microsoft.Extensions.Internal.ObjectMethodExecutor.Execute(Object target, Object[] parameters)
   at Microsoft.AspNetCore.Mvc.Internal.ActionMethodExecutor.SyncActionResultExecutor.Execute(IActionResultTypeMapper mapper, ObjectMethodExecutor executor, Object controller, Object[] arguments)
   at Microsoft.AspNetCore.Mvc.Internal.ControllerActionInvoker.InvokeActionMethodAsync()
   at Microsoft.AspNetCore.Mvc.Internal.ControllerActionInvoker.InvokeNextActionFilterAsync()
   at Microsoft.AspNetCore.Mvc.Internal.ControllerActionInvoker.Rethrow(ActionExecutedContext context)
   at Microsoft.AspNetCore.Mvc.Internal.ControllerActionInvoker.Next(State& next, Scope& scope, Object& state, Boolean& isCompleted)
   at Microsoft.AspNetCore.Mvc.Internal.ControllerActionInvoker.InvokeInnerFilterAsync()
   at Microsoft.AspNetCore.Mvc.Internal.ResourceInvoker.InvokeNextResourceFilter()
   at Microsoft.AspNetCore.Mvc.Internal.ResourceInvoker.Rethrow(ResourceExecutedContext context)
   at Microsoft.AspNetCore.Mvc.Internal.ResourceInvoker.Next(State& next, Scope& scope, Object& state, Boolean& isCompleted)
   at Microsoft.AspNetCore.Mvc.Internal.ResourceInvoker.InvokeFilterPipelineAsync()
   at Microsoft.AspNetCore.Mvc.Internal.ResourceInvoker.InvokeAsync()
   at Microsoft.AspNetCore.Builder.RouterMiddleware.Invoke(HttpContext httpContext)
   at Microsoft.AspNetCore.StaticFiles.StaticFileMiddleware.Invoke(HttpContext context)
   at Swashbuckle.AspNetCore.SwaggerUI.SwaggerUIIndexMiddleware.Invoke(HttpContext httpContext)
   at Swashbuckle.AspNetCore.Swagger.SwaggerMiddleware.Invoke(HttpContext httpContext)
   at Microsoft.AspNetCore.Authentication.AuthenticationMiddleware.Invoke(HttpContext context)
   at Microsoft.AspNetCore.StaticFiles.StaticFileMiddleware.Invoke(HttpContext context)
   at Microsoft.AspNetCore.Cors.Infrastructure.CorsMiddleware.Invoke(HttpContext context)
   at Microsoft.AspNetCore.Diagnostics.DeveloperExceptionPageMiddleware.Invoke(HttpContext context)
2018-09-11T11:15:36.6135171+03:00 0HLGNNQVHEA0C:00000001 [INF] Executed action "DemoBlog.Controllers.ArticlesController.Get (DemoBlog)" in 2368.4448ms (afa2e885)
2018-09-11T11:15:36.6489977+03:00 0HLGNNQVHEA0C:00000001 [ERR] An unhandled exception has occurred while executing the request. (48a46595)
System.ArgumentNullException: Value cannot be null.
Parameter name: source
   at System.Linq.Enumerable.Select[TSource,TResult](IEnumerable`1 source, Func`2 selector)
   at DAL.Models.Article.get_Tags() in D:\Proj\Visual Studio\DemoBlog\DAL\Models\Article.cs:line 24
   at lambda_method(Closure , InternalEntityEntry )
   at Microsoft.EntityFrameworkCore.ChangeTracking.Internal.InternalEntityEntry.RelationshipsSnapshot..ctor(InternalEntityEntry entry)
   at Microsoft.EntityFrameworkCore.ChangeTracking.Internal.InternalEntityEntry.EnsureRelationshipSnapshot()
   at Microsoft.EntityFrameworkCore.ChangeTracking.Internal.InternalEntityEntrySubscriber.SnapshotAndSubscribe(InternalEntityEntry entry)
   at Microsoft.EntityFrameworkCore.ChangeTracking.Internal.StateManager.StartTrackingFromQuery(IEntityType baseEntityType, Object entity, ValueBuffer& valueBuffer, ISet`1 handledForeignKeys)
   at Microsoft.EntityFrameworkCore.Query.Internal.QueryBuffer.StartTracking(Object entity, IEntityType entityType)
   at lambda_method(Closure , QueryContext , Article , Object[] )
   at Microsoft.EntityFrameworkCore.Query.Internal.IncludeCompiler._Include[TEntity](QueryContext queryContext, TEntity entity, Object[] included, Action`3 fixup)
   at lambda_method(Closure , TransparentIdentifier`2 )
   at System.Linq.Enumerable.SelectEnumerableIterator`2.MoveNext()
   at System.Linq.Enumerable.TryGetFirst[TSource](IEnumerable`1 source, Boolean& found)
   at lambda_method(Closure )
   at Microsoft.EntityFrameworkCore.Query.Internal.LinqOperatorProvider.ResultEnumerable`1.GetEnumerator()
   at Microsoft.EntityFrameworkCore.Query.Internal.LinqOperatorProvider._TrackEntities[TOut,TIn](IEnumerable`1 results, QueryContext queryContext, IList`1 entityTrackingInfos, IList`1 entityAccessors)+MoveNext()
   at Microsoft.EntityFrameworkCore.Query.Internal.LinqOperatorProvider.ExceptionInterceptor`1.EnumeratorExceptionInterceptor.MoveNext()
   at System.Linq.Enumerable.TryGetFirst[TSource](IEnumerable`1 source, Boolean& found)
   at System.Linq.Enumerable.First[TSource](IEnumerable`1 source)
   at Microsoft.EntityFrameworkCore.Query.Internal.QueryCompiler.<>c__DisplayClass15_1`1.<CompileQueryCore>b__0(QueryContext qc)
   at System.Linq.Queryable.FirstOrDefault[TSource](IQueryable`1 source, Expression`1 predicate)
   at DAL.Repositories.ArticleRepository.GetArticleById(Int32 id) in D:\Proj\Visual Studio\DemoBlog\DAL\Repositories\ArticleRepository.cs:line 26
   at DemoBlog.Controllers.ArticlesController.Get(Int32 id) in D:\Proj\Visual Studio\DemoBlog\DemoBlog\Controllers\ArticlesController.cs:line 46
   at lambda_method(Closure , Object , Object[] )
   at Microsoft.Extensions.Internal.ObjectMethodExecutor.Execute(Object target, Object[] parameters)
   at Microsoft.AspNetCore.Mvc.Internal.ActionMethodExecutor.SyncActionResultExecutor.Execute(IActionResultTypeMapper mapper, ObjectMethodExecutor executor, Object controller, Object[] arguments)
   at Microsoft.AspNetCore.Mvc.Internal.ControllerActionInvoker.InvokeActionMethodAsync()
   at Microsoft.AspNetCore.Mvc.Internal.ControllerActionInvoker.InvokeNextActionFilterAsync()
   at Microsoft.AspNetCore.Mvc.Internal.ControllerActionInvoker.Rethrow(ActionExecutedContext context)
   at Microsoft.AspNetCore.Mvc.Internal.ControllerActionInvoker.Next(State& next, Scope& scope, Object& state, Boolean& isCompleted)
   at Microsoft.AspNetCore.Mvc.Internal.ControllerActionInvoker.InvokeInnerFilterAsync()
   at Microsoft.AspNetCore.Mvc.Internal.ResourceInvoker.InvokeNextResourceFilter()
   at Microsoft.AspNetCore.Mvc.Internal.ResourceInvoker.Rethrow(ResourceExecutedContext context)
   at Microsoft.AspNetCore.Mvc.Internal.ResourceInvoker.Next(State& next, Scope& scope, Object& state, Boolean& isCompleted)
   at Microsoft.AspNetCore.Mvc.Internal.ResourceInvoker.InvokeFilterPipelineAsync()
   at Microsoft.AspNetCore.Mvc.Internal.ResourceInvoker.InvokeAsync()
   at Microsoft.AspNetCore.Builder.RouterMiddleware.Invoke(HttpContext httpContext)
   at Microsoft.AspNetCore.StaticFiles.StaticFileMiddleware.Invoke(HttpContext context)
   at Swashbuckle.AspNetCore.SwaggerUI.SwaggerUIIndexMiddleware.Invoke(HttpContext httpContext)
   at Swashbuckle.AspNetCore.Swagger.SwaggerMiddleware.Invoke(HttpContext httpContext)
   at Microsoft.AspNetCore.Authentication.AuthenticationMiddleware.Invoke(HttpContext context)
   at Microsoft.AspNetCore.StaticFiles.StaticFileMiddleware.Invoke(HttpContext context)
   at Microsoft.AspNetCore.Cors.Infrastructure.CorsMiddleware.Invoke(HttpContext context)
   at Microsoft.AspNetCore.Diagnostics.DeveloperExceptionPageMiddleware.Invoke(HttpContext context)
2018-09-11T11:15:36.7416072+03:00 0HLGNNQVHEA0C:00000001 [INF] Request finished in 2971.3507ms 500 text/html; charset=utf-8 (791a596a)
2018-09-11T11:43:46.2006031+03:00 0HLGNOANT8FVT:00000001 [INF] Request starting HTTP/1.1 GET http://localhost:5000/api/articles/2   (ca22a1cb)
2018-09-11T11:43:46.2273220+03:00 0HLGNOANT8FVT:00000001 [WRN] Failed to determine the https port for redirect. (ca76cc21)
2018-09-11T11:43:46.7695640+03:00 0HLGNOANT8FVT:00000001 [INF] Route matched with "{action = \"Get\", controller = \"Articles\"}". Executing action "DemoBlog.Controllers.ArticlesController.Get (DemoBlog)" (a44c0341)
2018-09-11T11:43:46.8321387+03:00 0HLGNOANT8FVT:00000001 [INF] Executing action method "DemoBlog.Controllers.ArticlesController.Get (DemoBlog)" with arguments (["2"]) - Validation state: Valid (4e3479ed)
2018-09-11T11:43:48.1638196+03:00 0HLGNOANT8FVT:00000001 [INF] Entity Framework Core "2.2.0-preview1-35029" initialized '"ApplicationDbContext"' using provider '"Microsoft.EntityFrameworkCore.SqlServer"' with options: "MigrationsAssembly=DemoBlog " (9958f5bb)
2018-09-11T11:43:49.2341645+03:00 0HLGNOANT8FVT:00000001 [INF] Executed DbCommand ("12"ms) [Parameters=["@__id_0='?' (DbType = Int32)"], CommandType='Text', CommandTimeout='30']"
""SELECT TOP(1) [a].[Id], [a].[AuthorId], [a].[Body], [a].[CategoryId], [a].[CreatedBy], [a].[CreatedDate], [a].[Slug], [a].[Title], [a].[UpdatedBy], [a].[UpdatedDate], [a.Category].[Id], [a.Category].[CreatedBy], [a.Category].[CreatedDate], [a.Category].[Name], [a.Category].[Slug], [a.Category].[UpdatedBy], [a.Category].[UpdatedDate], [a.Author].[Id], [a.Author].[AccessFailedCount], [a.Author].[ConcurrencyStamp], [a.Author].[CreatedBy], [a.Author].[CreatedDate], [a.Author].[Email], [a.Author].[EmailConfirmed], [a.Author].[FullName], [a.Author].[IsEnabled], [a.Author].[LockoutEnabled], [a.Author].[LockoutEnd], [a.Author].[NormalizedEmail], [a.Author].[NormalizedUserName], [a.Author].[PasswordHash], [a.Author].[PhoneNumber], [a.Author].[PhoneNumberConfirmed], [a.Author].[SecurityStamp], [a.Author].[TwoFactorEnabled], [a.Author].[UpdatedBy], [a.Author].[UpdatedDate], [a.Author].[UserName]
FROM [AppArticles] AS [a]
LEFT JOIN [AppCategories] AS [a.Category] ON [a].[CategoryId] = [a.Category].[Id]
LEFT JOIN [AspNetUsers] AS [a.Author] ON [a].[AuthorId] = [a.Author].[Id]
WHERE [a].[Id] = @__id_0
ORDER BY [a].[Id]" (0723d8ff)
2018-09-11T11:43:49.4438772+03:00 0HLGNOANT8FVT:00000001 [INF] Executed DbCommand ("7"ms) [Parameters=["@__id_0='?' (DbType = Int32)"], CommandType='Text', CommandTimeout='30']"
""SELECT [a.ArticleTags].[Id], [a.ArticleTags].[ArticleId], [a.ArticleTags].[TagId], [a.ArticleTags].[CreatedBy], [a.ArticleTags].[CreatedDate], [a.ArticleTags].[UpdatedBy], [a.ArticleTags].[UpdatedDate], [a.Tag].[Id], [a.Tag].[CreatedBy], [a.Tag].[CreatedDate], [a.Tag].[Name], [a.Tag].[Slug], [a.Tag].[UpdatedBy], [a.Tag].[UpdatedDate]
FROM [AppArticleTags] AS [a.ArticleTags]
INNER JOIN [AppTags] AS [a.Tag] ON [a.ArticleTags].[TagId] = [a.Tag].[Id]
INNER JOIN (
    SELECT DISTINCT [t].*
    FROM (
        SELECT TOP(1) [a0].[Id]
        FROM [AppArticles] AS [a0]
        LEFT JOIN [AppCategories] AS [a.Category0] ON [a0].[CategoryId] = [a.Category0].[Id]
        LEFT JOIN [AspNetUsers] AS [a.Author0] ON [a0].[AuthorId] = [a.Author0].[Id]
        WHERE [a0].[Id] = @__id_0
        ORDER BY [a0].[Id]
    ) AS [t]
) AS [t0] ON [a.ArticleTags].[ArticleId] = [t0].[Id]
ORDER BY [t0].[Id]" (0723d8ff)
2018-09-11T11:43:49.5545375+03:00 0HLGNOANT8FVT:00000001 [INF] Executed DbCommand ("5"ms) [Parameters=["@__id_0='?' (DbType = Int32)"], CommandType='Text', CommandTimeout='30']"
""SELECT [a.Comments].[Id], [a.Comments].[ArticleId], [a.Comments].[Body], [a.Comments].[CreatedBy], [a.Comments].[CreatedDate], [a.Comments].[UpdatedBy], [a.Comments].[UpdatedDate]
FROM [AppComments] AS [a.Comments]
INNER JOIN (
    SELECT DISTINCT [t1].*
    FROM (
        SELECT TOP(1) [a1].[Id]
        FROM [AppArticles] AS [a1]
        LEFT JOIN [AppCategories] AS [a.Category1] ON [a1].[CategoryId] = [a.Category1].[Id]
        LEFT JOIN [AspNetUsers] AS [a.Author1] ON [a1].[AuthorId] = [a.Author1].[Id]
        WHERE [a1].[Id] = @__id_0
        ORDER BY [a1].[Id]
    ) AS [t1]
) AS [t2] ON [a.Comments].[ArticleId] = [t2].[Id]
ORDER BY [t2].[Id]" (0723d8ff)
2018-09-11T11:43:49.5840504+03:00 0HLGNOANT8FVT:00000001 [INF] Executed action method "DemoBlog.Controllers.ArticlesController.Get (DemoBlog)", returned result "Microsoft.AspNetCore.Mvc.OkObjectResult" in 2746.9239ms. (50a9e262)
2018-09-11T11:43:49.5957896+03:00 0HLGNOANT8FVT:00000001 [INF] Executing ObjectResult, writing value of type '"DAL.Models.Article"'. (8a1b66c8)
2018-09-11T11:43:49.6715064+03:00 0HLGNOANT8FVT:00000001 [INF] Executed action "DemoBlog.Controllers.ArticlesController.Get (DemoBlog)" in 2895.6043ms (afa2e885)
2018-09-11T11:43:49.7273935+03:00 0HLGNOANT8FVT:00000001 [ERR] An unhandled exception has occurred while executing the request. (48a46595)
Newtonsoft.Json.JsonSerializationException: Self referencing loop detected with type 'DAL.Models.Article'. Path 'author.articles'.
   at Newtonsoft.Json.Serialization.JsonSerializerInternalWriter.CheckForCircularReference(JsonWriter writer, Object value, JsonProperty property, JsonContract contract, JsonContainerContract containerContract, JsonProperty containerProperty)
   at Newtonsoft.Json.Serialization.JsonSerializerInternalWriter.SerializeList(JsonWriter writer, IEnumerable values, JsonArrayContract contract, JsonProperty member, JsonContainerContract collectionContract, JsonProperty containerProperty)
   at Newtonsoft.Json.Serialization.JsonSerializerInternalWriter.SerializeValue(JsonWriter writer, Object value, JsonContract valueContract, JsonProperty member, JsonContainerContract containerContract, JsonProperty containerProperty)
   at Newtonsoft.Json.Serialization.JsonSerializerInternalWriter.SerializeObject(JsonWriter writer, Object value, JsonObjectContract contract, JsonProperty member, JsonContainerContract collectionContract, JsonProperty containerProperty)
   at Newtonsoft.Json.Serialization.JsonSerializerInternalWriter.SerializeValue(JsonWriter writer, Object value, JsonContract valueContract, JsonProperty member, JsonContainerContract containerContract, JsonProperty containerProperty)
   at Newtonsoft.Json.Serialization.JsonSerializerInternalWriter.SerializeObject(JsonWriter writer, Object value, JsonObjectContract contract, JsonProperty member, JsonContainerContract collectionContract, JsonProperty containerProperty)
   at Newtonsoft.Json.Serialization.JsonSerializerInternalWriter.SerializeValue(JsonWriter writer, Object value, JsonContract valueContract, JsonProperty member, JsonContainerContract containerContract, JsonProperty containerProperty)
   at Newtonsoft.Json.Serialization.JsonSerializerInternalWriter.Serialize(JsonWriter jsonWriter, Object value, Type objectType)
   at Newtonsoft.Json.JsonSerializer.SerializeInternal(JsonWriter jsonWriter, Object value, Type objectType)
   at Newtonsoft.Json.JsonSerializer.Serialize(JsonWriter jsonWriter, Object value)
   at Microsoft.AspNetCore.Mvc.Formatters.JsonOutputFormatter.WriteObject(TextWriter writer, Object value)
   at Microsoft.AspNetCore.Mvc.Formatters.JsonOutputFormatter.WriteResponseBodyAsync(OutputFormatterWriteContext context, Encoding selectedEncoding)
   at Microsoft.AspNetCore.Mvc.Internal.ResourceInvoker.InvokeResultAsync(IActionResult result)
   at Microsoft.AspNetCore.Mvc.Internal.ResourceInvoker.InvokeNextResultFilterAsync[TFilter,TFilterAsync]()
   at Microsoft.AspNetCore.Mvc.Internal.ResourceInvoker.Rethrow(ResultExecutedContext context)
   at Microsoft.AspNetCore.Mvc.Internal.ResourceInvoker.ResultNext[TFilter,TFilterAsync](State& next, Scope& scope, Object& state, Boolean& isCompleted)
   at Microsoft.AspNetCore.Mvc.Internal.ResourceInvoker.InvokeResultFilters()
   at Microsoft.AspNetCore.Mvc.Internal.ResourceInvoker.InvokeNextResourceFilter()
   at Microsoft.AspNetCore.Mvc.Internal.ResourceInvoker.Rethrow(ResourceExecutedContext context)
   at Microsoft.AspNetCore.Mvc.Internal.ResourceInvoker.Next(State& next, Scope& scope, Object& state, Boolean& isCompleted)
   at Microsoft.AspNetCore.Mvc.Internal.ResourceInvoker.InvokeFilterPipelineAsync()
   at Microsoft.AspNetCore.Mvc.Internal.ResourceInvoker.InvokeAsync()
   at Microsoft.AspNetCore.Builder.RouterMiddleware.Invoke(HttpContext httpContext)
   at Microsoft.AspNetCore.StaticFiles.StaticFileMiddleware.Invoke(HttpContext context)
   at Swashbuckle.AspNetCore.SwaggerUI.SwaggerUIIndexMiddleware.Invoke(HttpContext httpContext)
   at Swashbuckle.AspNetCore.Swagger.SwaggerMiddleware.Invoke(HttpContext httpContext)
   at Microsoft.AspNetCore.Authentication.AuthenticationMiddleware.Invoke(HttpContext context)
   at Microsoft.AspNetCore.StaticFiles.StaticFileMiddleware.Invoke(HttpContext context)
   at Microsoft.AspNetCore.Cors.Infrastructure.CorsMiddleware.Invoke(HttpContext context)
   at Microsoft.AspNetCore.Diagnostics.DeveloperExceptionPageMiddleware.Invoke(HttpContext context)
2018-09-11T11:43:49.7275364+03:00 0HLGNOANT8FVT:00000001 [WRN] The response has already started, the error page middleware will not be executed. (e1dd4c0d)
2018-09-11T11:43:49.7552032+03:00 0HLGNOANT8FVT:00000001 [ERR] Connection id ""0HLGNOANT8FVT"", Request id ""0HLGNOANT8FVT:00000001"": An unhandled exception was thrown by the application. (560e7d32)
Newtonsoft.Json.JsonSerializationException: Self referencing loop detected with type 'DAL.Models.Article'. Path 'author.articles'.
   at Newtonsoft.Json.Serialization.JsonSerializerInternalWriter.CheckForCircularReference(JsonWriter writer, Object value, JsonProperty property, JsonContract contract, JsonContainerContract containerContract, JsonProperty containerProperty)
   at Newtonsoft.Json.Serialization.JsonSerializerInternalWriter.SerializeList(JsonWriter writer, IEnumerable values, JsonArrayContract contract, JsonProperty member, JsonContainerContract collectionContract, JsonProperty containerProperty)
   at Newtonsoft.Json.Serialization.JsonSerializerInternalWriter.SerializeValue(JsonWriter writer, Object value, JsonContract valueContract, JsonProperty member, JsonContainerContract containerContract, JsonProperty containerProperty)
   at Newtonsoft.Json.Serialization.JsonSerializerInternalWriter.SerializeObject(JsonWriter writer, Object value, JsonObjectContract contract, JsonProperty member, JsonContainerContract collectionContract, JsonProperty containerProperty)
   at Newtonsoft.Json.Serialization.JsonSerializerInternalWriter.SerializeValue(JsonWriter writer, Object value, JsonContract valueContract, JsonProperty member, JsonContainerContract containerContract, JsonProperty containerProperty)
   at Newtonsoft.Json.Serialization.JsonSerializerInternalWriter.SerializeObject(JsonWriter writer, Object value, JsonObjectContract contract, JsonProperty member, JsonContainerContract collectionContract, JsonProperty containerProperty)
   at Newtonsoft.Json.Serialization.JsonSerializerInternalWriter.SerializeValue(JsonWriter writer, Object value, JsonContract valueContract, JsonProperty member, JsonContainerContract containerContract, JsonProperty containerProperty)
   at Newtonsoft.Json.Serialization.JsonSerializerInternalWriter.Serialize(JsonWriter jsonWriter, Object value, Type objectType)
   at Newtonsoft.Json.JsonSerializer.SerializeInternal(JsonWriter jsonWriter, Object value, Type objectType)
   at Newtonsoft.Json.JsonSerializer.Serialize(JsonWriter jsonWriter, Object value)
   at Microsoft.AspNetCore.Mvc.Formatters.JsonOutputFormatter.WriteObject(TextWriter writer, Object value)
   at Microsoft.AspNetCore.Mvc.Formatters.JsonOutputFormatter.WriteResponseBodyAsync(OutputFormatterWriteContext context, Encoding selectedEncoding)
   at Microsoft.AspNetCore.Mvc.Internal.ResourceInvoker.InvokeResultAsync(IActionResult result)
   at Microsoft.AspNetCore.Mvc.Internal.ResourceInvoker.InvokeNextResultFilterAsync[TFilter,TFilterAsync]()
   at Microsoft.AspNetCore.Mvc.Internal.ResourceInvoker.Rethrow(ResultExecutedContext context)
   at Microsoft.AspNetCore.Mvc.Internal.ResourceInvoker.ResultNext[TFilter,TFilterAsync](State& next, Scope& scope, Object& state, Boolean& isCompleted)
   at Microsoft.AspNetCore.Mvc.Internal.ResourceInvoker.InvokeResultFilters()
   at Microsoft.AspNetCore.Mvc.Internal.ResourceInvoker.InvokeNextResourceFilter()
   at Microsoft.AspNetCore.Mvc.Internal.ResourceInvoker.Rethrow(ResourceExecutedContext context)
   at Microsoft.AspNetCore.Mvc.Internal.ResourceInvoker.Next(State& next, Scope& scope, Object& state, Boolean& isCompleted)
   at Microsoft.AspNetCore.Mvc.Internal.ResourceInvoker.InvokeFilterPipelineAsync()
   at Microsoft.AspNetCore.Mvc.Internal.ResourceInvoker.InvokeAsync()
   at Microsoft.AspNetCore.Builder.RouterMiddleware.Invoke(HttpContext httpContext)
   at Microsoft.AspNetCore.StaticFiles.StaticFileMiddleware.Invoke(HttpContext context)
   at Swashbuckle.AspNetCore.SwaggerUI.SwaggerUIIndexMiddleware.Invoke(HttpContext httpContext)
   at Swashbuckle.AspNetCore.Swagger.SwaggerMiddleware.Invoke(HttpContext httpContext)
   at Microsoft.AspNetCore.Authentication.AuthenticationMiddleware.Invoke(HttpContext context)
   at Microsoft.AspNetCore.StaticFiles.StaticFileMiddleware.Invoke(HttpContext context)
   at Microsoft.AspNetCore.Cors.Infrastructure.CorsMiddleware.Invoke(HttpContext context)
   at Microsoft.AspNetCore.Diagnostics.DeveloperExceptionPageMiddleware.Invoke(HttpContext context)
   at Microsoft.AspNetCore.Diagnostics.DeveloperExceptionPageMiddleware.Invoke(HttpContext context)
   at Microsoft.AspNetCore.Server.Kestrel.Core.Internal.Http.HttpProtocol.ProcessRequests[TContext](IHttpApplication`1 application)
2018-09-11T11:43:49.7666857+03:00 0HLGNOANT8FVT:00000001 [INF] Request finished in 3582.4763ms 200 application/json; charset=utf-8 (791a596a)
