2018-09-15T14:03:46.0871532+03:00 0HLGQVBK2FJJ0:00000001 [INF] Request starting HTTP/1.1 POST http://localhost:5000/api/articles application/json 99 (ca22a1cb)
2018-09-15T14:03:46.1253487+03:00 0HLGQVBK2FJJ0:00000001 [WRN] Failed to determine the https port for redirect. (ca76cc21)
2018-09-15T14:03:47.2566744+03:00 0HLGQVBK2FJJ0:00000001 [INF] Route matched with "{action = \"CreateArticle\", controller = \"Articles\"}". Executing action "DemoBlog.Controllers.ArticlesController.CreateArticle (DemoBlog)" (a44c0341)
2018-09-15T14:03:47.3167276+03:00 0HLGQVBK2FJJ0:00000001 [INF] Authorization failed. (b15dd539)
2018-09-15T14:03:47.3278586+03:00 0HLGQVBK2FJJ0:00000001 [INF] Authorization failed for the request at filter '"Microsoft.AspNetCore.Mvc.Authorization.AuthorizeFilter"'. (8b6446cb)
2018-09-15T14:03:47.3438336+03:00 0HLGQVBK2FJJ0:00000001 [INF] Executing ChallengeResult with authentication schemes ([]). (f3dca807)
2018-09-15T14:03:47.4190185+03:00 0HLGQVBK2FJJ0:00000001 [INF] AuthenticationScheme: "Identity.Application" was challenged. (d45f1f38)
2018-09-15T14:03:47.4276685+03:00 0HLGQVBK2FJJ0:00000001 [INF] Executed action "DemoBlog.Controllers.ArticlesController.CreateArticle (DemoBlog)" in 161.8445ms (afa2e885)
2018-09-15T14:03:47.4987445+03:00 0HLGQVBK2FJJ0:00000001 [INF] Request finished in 1436.3011ms 302  (791a596a)
2018-09-15T14:03:47.5351791+03:00  [INF] Connection id ""0HLGQVBK2FJJ0"", Request id ""0HLGQVBK2FJJ0:00000001"": the application completed without reading the entire request body. (54ac9468)
2018-09-15T14:03:47.5790626+03:00 0HLGQVBK2FJJ0:00000002 [INF] Request starting HTTP/1.1 GET http://localhost:5000/Account/Login?ReturnUrl=%2Fapi%2Farticles   (ca22a1cb)
2018-09-15T14:03:47.5890832+03:00 0HLGQVBK2FJJ0:00000002 [INF] Request finished in 10.1138ms 404  (791a596a)
2018-09-15T14:04:00.0847947+03:00 0HLGQVBK2FJJ0:00000003 [INF] Request starting HTTP/1.1 POST http://localhost:5000/api/articles application/json 99 (ca22a1cb)
2018-09-15T14:04:00.0864295+03:00 0HLGQVBK2FJJ0:00000003 [INF] Route matched with "{action = \"CreateArticle\", controller = \"Articles\"}". Executing action "DemoBlog.Controllers.ArticlesController.CreateArticle (DemoBlog)" (a44c0341)
2018-09-15T14:04:00.0873568+03:00 0HLGQVBK2FJJ0:00000003 [INF] Authorization failed. (b15dd539)
2018-09-15T14:04:00.0888158+03:00 0HLGQVBK2FJJ0:00000003 [INF] Authorization failed for the request at filter '"Microsoft.AspNetCore.Mvc.Authorization.AuthorizeFilter"'. (8b6446cb)
2018-09-15T14:04:00.0892153+03:00 0HLGQVBK2FJJ0:00000003 [INF] Executing ChallengeResult with authentication schemes ([]). (f3dca807)
2018-09-15T14:04:00.0896114+03:00 0HLGQVBK2FJJ0:00000003 [INF] AuthenticationScheme: "Identity.Application" was challenged. (d45f1f38)
2018-09-15T14:04:00.0898069+03:00 0HLGQVBK2FJJ0:00000003 [INF] Executed action "DemoBlog.Controllers.ArticlesController.CreateArticle (DemoBlog)" in 3.1584ms (afa2e885)
2018-09-15T14:04:00.0900199+03:00 0HLGQVBK2FJJ0:00000003 [INF] Request finished in 5.4899ms 302  (791a596a)
2018-09-15T14:04:00.0905940+03:00  [INF] Connection id ""0HLGQVBK2FJJ0"", Request id ""0HLGQVBK2FJJ0:00000003"": the application completed without reading the entire request body. (54ac9468)
2018-09-15T14:04:00.1206206+03:00 0HLGQVBK2FJJ0:00000004 [INF] Request starting HTTP/1.1 GET http://localhost:5000/Account/Login?ReturnUrl=%2Fapi%2Farticles   (ca22a1cb)
2018-09-15T14:04:00.1219243+03:00 0HLGQVBK2FJJ0:00000004 [INF] Request finished in 1.3469ms 404  (791a596a)
2018-09-15T14:05:15.5134998+03:00 0HLGQVCENQT06:00000001 [INF] Request starting HTTP/1.1 POST http://localhost:5000/api/articles application/json 99 (ca22a1cb)
2018-09-15T14:05:15.5502944+03:00 0HLGQVCENQT06:00000001 [WRN] Failed to determine the https port for redirect. (ca76cc21)
2018-09-15T14:05:16.1879184+03:00 0HLGQVCENQT06:00000001 [INF] Route matched with "{action = \"CreateArticle\", controller = \"Articles\"}". Executing action "DemoBlog.Controllers.ArticlesController.CreateArticle (DemoBlog)" (a44c0341)
2018-09-15T14:05:16.2141617+03:00 0HLGQVCENQT06:00000001 [INF] Authorization failed. (b15dd539)
2018-09-15T14:05:16.2256584+03:00 0HLGQVCENQT06:00000001 [INF] Authorization failed for the request at filter '"Microsoft.AspNetCore.Mvc.Authorization.AuthorizeFilter"'. (8b6446cb)
2018-09-15T14:05:16.2367363+03:00 0HLGQVCENQT06:00000001 [INF] Executing ChallengeResult with authentication schemes ([]). (f3dca807)
2018-09-15T14:05:16.2803255+03:00 0HLGQVCENQT06:00000001 [INF] AuthenticationScheme: "Identity.Application" was challenged. (d45f1f38)
2018-09-15T14:05:16.2872651+03:00 0HLGQVCENQT06:00000001 [INF] Executed action "DemoBlog.Controllers.ArticlesController.CreateArticle (DemoBlog)" in 91.9721ms (afa2e885)
2018-09-15T14:05:16.3115413+03:00 0HLGQVCENQT06:00000001 [INF] Request finished in 822.529ms 302  (791a596a)
2018-09-15T14:05:16.3317321+03:00  [INF] Connection id ""0HLGQVCENQT06"", Request id ""0HLGQVCENQT06:00000001"": the application completed without reading the entire request body. (54ac9468)
2018-09-15T14:05:16.3330513+03:00 0HLGQVCENQT06:00000002 [INF] Request starting HTTP/1.1 GET http://localhost:5000/Account/Login?ReturnUrl=%2Fapi%2Farticles   (ca22a1cb)
2018-09-15T14:05:16.3433802+03:00 0HLGQVCENQT06:00000002 [INF] Request finished in 10.3015ms 404  (791a596a)
2018-09-15T14:05:27.5410720+03:00 0HLGQVCENQT06:00000003 [INF] Request starting HTTP/1.1 POST http://localhost:5000/api/articles application/json 99 (ca22a1cb)
2018-09-15T14:05:27.5427150+03:00 0HLGQVCENQT06:00000003 [INF] Route matched with "{action = \"CreateArticle\", controller = \"Articles\"}". Executing action "DemoBlog.Controllers.ArticlesController.CreateArticle (DemoBlog)" (a44c0341)
2018-09-15T14:05:27.5440251+03:00 0HLGQVCENQT06:00000003 [INF] Authorization failed. (b15dd539)
2018-09-15T14:05:27.5443035+03:00 0HLGQVCENQT06:00000003 [INF] Authorization failed for the request at filter '"Microsoft.AspNetCore.Mvc.Authorization.AuthorizeFilter"'. (8b6446cb)
2018-09-15T14:05:27.5445957+03:00 0HLGQVCENQT06:00000003 [INF] Executing ChallengeResult with authentication schemes ([]). (f3dca807)
2018-09-15T14:05:27.5450525+03:00 0HLGQVCENQT06:00000003 [INF] AuthenticationScheme: "Identity.Application" was challenged. (d45f1f38)
2018-09-15T14:05:27.5452488+03:00 0HLGQVCENQT06:00000003 [INF] Executed action "DemoBlog.Controllers.ArticlesController.CreateArticle (DemoBlog)" in 2.3191ms (afa2e885)
2018-09-15T14:05:27.5454571+03:00 0HLGQVCENQT06:00000003 [INF] Request finished in 4.6071ms 302  (791a596a)
2018-09-15T14:05:27.5459755+03:00  [INF] Connection id ""0HLGQVCENQT06"", Request id ""0HLGQVCENQT06:00000003"": the application completed without reading the entire request body. (54ac9468)
2018-09-15T14:05:27.5623608+03:00 0HLGQVCENQT06:00000004 [INF] Request starting HTTP/1.1 GET http://localhost:5000/Account/Login?ReturnUrl=%2Fapi%2Farticles   (ca22a1cb)
2018-09-15T14:05:27.5638703+03:00 0HLGQVCENQT06:00000004 [INF] Request finished in 1.7374ms 404  (791a596a)
2018-09-15T22:05:24.1039417+03:00 0HLGR7OOC2OD9:00000001 [INF] Request starting HTTP/1.1 POST http://localhost:5000/api/articles application/json 99 (ca22a1cb)
2018-09-15T22:05:24.1284444+03:00 0HLGR7OOC2OD9:00000001 [WRN] Failed to determine the https port for redirect. (ca76cc21)
2018-09-15T22:05:24.5844451+03:00 0HLGR7OOC2OD9:00000001 [INF] Route matched with "{action = \"CreateArticle\", controller = \"Articles\"}". Executing action "DemoBlog.Controllers.ArticlesController.CreateArticle (DemoBlog)" (a44c0341)
2018-09-15T22:05:24.6197974+03:00 0HLGR7OOC2OD9:00000001 [INF] Authorization failed. (b15dd539)
2018-09-15T22:05:24.6270500+03:00 0HLGR7OOC2OD9:00000001 [INF] Authorization failed for the request at filter '"Microsoft.AspNetCore.Mvc.Authorization.AuthorizeFilter"'. (8b6446cb)
2018-09-15T22:05:24.6367178+03:00 0HLGR7OOC2OD9:00000001 [INF] Executing ChallengeResult with authentication schemes ([]). (f3dca807)
2018-09-15T22:05:24.6604382+03:00 0HLGR7OOC2OD9:00000001 [INF] AuthenticationScheme: "Identity.Application" was challenged. (d45f1f38)
2018-09-15T22:05:24.6660698+03:00 0HLGR7OOC2OD9:00000001 [INF] Executed action "DemoBlog.Controllers.ArticlesController.CreateArticle (DemoBlog)" in 75.683ms (afa2e885)
2018-09-15T22:05:24.6835201+03:00 0HLGR7OOC2OD9:00000001 [INF] Request finished in 594.0135ms 302  (791a596a)
2018-09-15T22:05:24.7096833+03:00  [INF] Connection id ""0HLGR7OOC2OD9"", Request id ""0HLGR7OOC2OD9:00000001"": the application completed without reading the entire request body. (54ac9468)
2018-09-15T22:05:24.7162756+03:00 0HLGR7OOC2OD9:00000002 [INF] Request starting HTTP/1.1 GET http://localhost:5000/Account/Login?ReturnUrl=%2Fapi%2Farticles   (ca22a1cb)
2018-09-15T22:05:24.7231296+03:00 0HLGR7OOC2OD9:00000002 [INF] Request finished in 6.8424ms 404  (791a596a)
2018-09-15T22:05:36.3837369+03:00 0HLGR7OOC2OD9:00000003 [INF] Request starting HTTP/1.1 POST http://localhost:5000/api/articles application/json 99 (ca22a1cb)
2018-09-15T22:05:36.3852942+03:00 0HLGR7OOC2OD9:00000003 [INF] Route matched with "{action = \"CreateArticle\", controller = \"Articles\"}". Executing action "DemoBlog.Controllers.ArticlesController.CreateArticle (DemoBlog)" (a44c0341)
2018-09-15T22:05:36.3860868+03:00 0HLGR7OOC2OD9:00000003 [INF] Authorization failed. (b15dd539)
2018-09-15T22:05:36.3862600+03:00 0HLGR7OOC2OD9:00000003 [INF] Authorization failed for the request at filter '"Microsoft.AspNetCore.Mvc.Authorization.AuthorizeFilter"'. (8b6446cb)
2018-09-15T22:05:36.3864918+03:00 0HLGR7OOC2OD9:00000003 [INF] Executing ChallengeResult with authentication schemes ([]). (f3dca807)
2018-09-15T22:05:36.3867763+03:00 0HLGR7OOC2OD9:00000003 [INF] AuthenticationScheme: "Identity.Application" was challenged. (d45f1f38)
2018-09-15T22:05:36.3869208+03:00 0HLGR7OOC2OD9:00000003 [INF] Executed action "DemoBlog.Controllers.ArticlesController.CreateArticle (DemoBlog)" in 1.4859ms (afa2e885)
2018-09-15T22:05:36.3870765+03:00 0HLGR7OOC2OD9:00000003 [INF] Request finished in 3.5519ms 302  (791a596a)
2018-09-15T22:05:36.3874953+03:00  [INF] Connection id ""0HLGR7OOC2OD9"", Request id ""0HLGR7OOC2OD9:00000003"": the application completed without reading the entire request body. (54ac9468)
2018-09-15T22:05:36.3944366+03:00 0HLGR7OOC2OD9:00000004 [INF] Request starting HTTP/1.1 GET http://localhost:5000/Account/Login?ReturnUrl=%2Fapi%2Farticles   (ca22a1cb)
2018-09-15T22:05:36.3954418+03:00 0HLGR7OOC2OD9:00000004 [INF] Request finished in 1.0073ms 404  (791a596a)
2018-09-15T22:07:20.7210221+03:00 0HLGR7PR4LAMP:00000001 [INF] Request starting HTTP/1.1 POST http://localhost:5000/api/articles application/json 99 (ca22a1cb)
2018-09-15T22:07:20.7465789+03:00 0HLGR7PR4LAMP:00000001 [WRN] Failed to determine the https port for redirect. (ca76cc21)
2018-09-15T22:07:21.1289646+03:00 0HLGR7PR4LAMP:00000001 [INF] Route matched with "{action = \"CreateArticle\", controller = \"Articles\"}". Executing action "DemoBlog.Controllers.ArticlesController.CreateArticle (DemoBlog)" (a44c0341)
2018-09-15T22:07:21.1485959+03:00 0HLGR7PR4LAMP:00000001 [INF] Authorization failed. (b15dd539)
2018-09-15T22:07:21.1573718+03:00 0HLGR7PR4LAMP:00000001 [INF] Authorization failed for the request at filter '"Microsoft.AspNetCore.Mvc.Authorization.AuthorizeFilter"'. (8b6446cb)
2018-09-15T22:07:21.1663414+03:00 0HLGR7PR4LAMP:00000001 [INF] Executing ChallengeResult with authentication schemes ([]). (f3dca807)
2018-09-15T22:07:21.1942759+03:00 0HLGR7PR4LAMP:00000001 [INF] AuthenticationScheme: "Identity.Application" was challenged. (d45f1f38)
2018-09-15T22:07:21.1998014+03:00 0HLGR7PR4LAMP:00000001 [INF] Executed action "DemoBlog.Controllers.ArticlesController.CreateArticle (DemoBlog)" in 64.975ms (afa2e885)
2018-09-15T22:07:21.2200294+03:00 0HLGR7PR4LAMP:00000001 [INF] Request finished in 513.8701ms 302  (791a596a)
2018-09-15T22:07:21.2391834+03:00  [INF] Connection id ""0HLGR7PR4LAMP"", Request id ""0HLGR7PR4LAMP:00000001"": the application completed without reading the entire request body. (54ac9468)
2018-09-15T22:07:21.2402924+03:00 0HLGR7PR4LAMP:00000002 [INF] Request starting HTTP/1.1 GET http://localhost:5000/Account/Login?ReturnUrl=%2Fapi%2Farticles   (ca22a1cb)
2018-09-15T22:07:21.2553535+03:00 0HLGR7PR4LAMP:00000002 [INF] Request finished in 14.963ms 404  (791a596a)
2018-09-15T22:07:27.4393531+03:00 0HLGR7PR4LAMP:00000003 [INF] Request starting HTTP/1.1 POST http://localhost:5000/api/articles application/json 99 (ca22a1cb)
2018-09-15T22:07:27.4407886+03:00 0HLGR7PR4LAMP:00000003 [INF] Route matched with "{action = \"CreateArticle\", controller = \"Articles\"}". Executing action "DemoBlog.Controllers.ArticlesController.CreateArticle (DemoBlog)" (a44c0341)
2018-09-15T22:07:27.4415153+03:00 0HLGR7PR4LAMP:00000003 [INF] Authorization failed. (b15dd539)
2018-09-15T22:07:27.4416513+03:00 0HLGR7PR4LAMP:00000003 [INF] Authorization failed for the request at filter '"Microsoft.AspNetCore.Mvc.Authorization.AuthorizeFilter"'. (8b6446cb)
2018-09-15T22:07:27.4418618+03:00 0HLGR7PR4LAMP:00000003 [INF] Executing ChallengeResult with authentication schemes ([]). (f3dca807)
2018-09-15T22:07:27.4425975+03:00 0HLGR7PR4LAMP:00000003 [INF] AuthenticationScheme: "Identity.Application" was challenged. (d45f1f38)
2018-09-15T22:07:27.4437061+03:00 0HLGR7PR4LAMP:00000003 [INF] Executed action "DemoBlog.Controllers.ArticlesController.CreateArticle (DemoBlog)" in 2.5086ms (afa2e885)
2018-09-15T22:07:27.4440770+03:00 0HLGR7PR4LAMP:00000003 [INF] Request finished in 4.8419ms 302  (791a596a)
2018-09-15T22:07:27.4447780+03:00  [INF] Connection id ""0HLGR7PR4LAMP"", Request id ""0HLGR7PR4LAMP:00000003"": the application completed without reading the entire request body. (54ac9468)
2018-09-15T22:07:27.4485349+03:00 0HLGR7PR4LAMP:00000004 [INF] Request starting HTTP/1.1 GET http://localhost:5000/Account/Login?ReturnUrl=%2Fapi%2Farticles   (ca22a1cb)
2018-09-15T22:07:27.4502150+03:00 0HLGR7PR4LAMP:00000004 [INF] Request finished in 1.861ms 404  (791a596a)
2018-09-15T22:10:12.4709858+03:00 0HLGR7PR4LAMR:00000001 [INF] Request starting HTTP/1.1 POST http://localhost:5000/api/articles application/json 99 (ca22a1cb)
2018-09-15T22:10:12.4721373+03:00 0HLGR7PR4LAMR:00000001 [INF] Route matched with "{action = \"CreateArticle\", controller = \"Articles\"}". Executing action "DemoBlog.Controllers.ArticlesController.CreateArticle (DemoBlog)" (a44c0341)
2018-09-15T22:10:12.4725676+03:00 0HLGR7PR4LAMR:00000001 [INF] Authorization failed. (b15dd539)
2018-09-15T22:10:12.4726702+03:00 0HLGR7PR4LAMR:00000001 [INF] Authorization failed for the request at filter '"Microsoft.AspNetCore.Mvc.Authorization.AuthorizeFilter"'. (8b6446cb)
2018-09-15T22:10:12.4729222+03:00 0HLGR7PR4LAMR:00000001 [INF] Executing ChallengeResult with authentication schemes ([]). (f3dca807)
2018-09-15T22:10:12.4730633+03:00 0HLGR7PR4LAMR:00000001 [INF] AuthenticationScheme: "Identity.Application" was challenged. (d45f1f38)
2018-09-15T22:10:12.4731442+03:00 0HLGR7PR4LAMR:00000001 [INF] Executed action "DemoBlog.Controllers.ArticlesController.CreateArticle (DemoBlog)" in 0.6942ms (afa2e885)
2018-09-15T22:10:12.4733020+03:00 0HLGR7PR4LAMR:00000001 [INF] Request finished in 2.4825ms 302  (791a596a)
2018-09-15T22:10:12.4734153+03:00  [INF] Connection id ""0HLGR7PR4LAMR"", Request id ""0HLGR7PR4LAMR:00000001"": the application completed without reading the entire request body. (54ac9468)
2018-09-15T22:10:12.5075892+03:00 0HLGR7PR4LAMR:00000002 [INF] Request starting HTTP/1.1 GET http://localhost:5000/Account/Login?ReturnUrl=%2Fapi%2Farticles   (ca22a1cb)
2018-09-15T22:10:12.5094469+03:00 0HLGR7PR4LAMR:00000002 [INF] Request finished in 1.7751ms 404  (791a596a)
2018-09-15T22:12:19.0797473+03:00 0HLGR7PR4LAMT:00000001 [INF] Request starting HTTP/1.1 GET http://localhost:5000/api/tags/2   (ca22a1cb)
2018-09-15T22:12:19.0932183+03:00 0HLGR7PR4LAMT:00000001 [INF] Route matched with "{action = \"GetTag\", controller = \"Tags\"}". Executing action "DemoBlog.Controllers.TagsController.GetTag (DemoBlog)" (a44c0341)
2018-09-15T22:12:19.1378953+03:00 0HLGR7PR4LAMT:00000001 [INF] Executing action method "DemoBlog.Controllers.TagsController.GetTag (DemoBlog)" with arguments (["2"]) - Validation state: Valid (4e3479ed)
2018-09-15T22:12:20.2289160+03:00 0HLGR7PR4LAMT:00000001 [INF] Entity Framework Core "2.2.0-preview1-35029" initialized '"ApplicationDbContext"' using provider '"Microsoft.EntityFrameworkCore.SqlServer"' with options: "MigrationsAssembly=DemoBlog " (9958f5bb)
2018-09-15T22:12:21.2173073+03:00 0HLGR7PR4LAMT:00000001 [INF] Executed DbCommand ("40"ms) [Parameters=["@__id_0='?' (DbType = Int32)"], CommandType='Text', CommandTimeout='30']"
""SELECT TOP(1) [t].[Id], [t].[CreatedBy], [t].[CreatedDate], [t].[Name], [t].[Slug], [t].[UpdatedBy], [t].[UpdatedDate]
FROM [AppTags] AS [t]
WHERE [t].[Id] = @__id_0
ORDER BY [t].[Id]" (0723d8ff)
2018-09-15T22:12:21.3996435+03:00 0HLGR7PR4LAMT:00000001 [INF] Executed DbCommand ("38"ms) [Parameters=["@__id_0='?' (DbType = Int32)"], CommandType='Text', CommandTimeout='30']"
""SELECT [t.ArticleTags].[Id], [t.ArticleTags].[ArticleId], [t.ArticleTags].[TagId], [t.ArticleTags].[CreatedBy], [t.ArticleTags].[CreatedDate], [t.ArticleTags].[UpdatedBy], [t.ArticleTags].[UpdatedDate], [a.Article].[Id], [a.Article].[AuthorId], [a.Article].[Body], [a.Article].[CategoryId], [a.Article].[CreatedBy], [a.Article].[CreatedDate], [a.Article].[Slug], [a.Article].[Title], [a.Article].[UpdatedBy], [a.Article].[UpdatedDate], [a.Article.Author].[Id], [a.Article.Author].[AccessFailedCount], [a.Article.Author].[ConcurrencyStamp], [a.Article.Author].[CreatedBy], [a.Article.Author].[CreatedDate], [a.Article.Author].[Email], [a.Article.Author].[EmailConfirmed], [a.Article.Author].[FullName], [a.Article.Author].[IsEnabled], [a.Article.Author].[LockoutEnabled], [a.Article.Author].[LockoutEnd], [a.Article.Author].[NormalizedEmail], [a.Article.Author].[NormalizedUserName], [a.Article.Author].[PasswordHash], [a.Article.Author].[PhoneNumber], [a.Article.Author].[PhoneNumberConfirmed], [a.Article.Author].[SecurityStamp], [a.Article.Author].[TwoFactorEnabled], [a.Article.Author].[UpdatedBy], [a.Article.Author].[UpdatedDate], [a.Article.Author].[UserName], [a.Article.Category].[Id], [a.Article.Category].[CreatedBy], [a.Article.Category].[CreatedDate], [a.Article.Category].[Name], [a.Article.Category].[Slug], [a.Article.Category].[UpdatedBy], [a.Article.Category].[UpdatedDate]
FROM [AppArticleTags] AS [t.ArticleTags]
INNER JOIN [AppArticles] AS [a.Article] ON [t.ArticleTags].[ArticleId] = [a.Article].[Id]
LEFT JOIN [AspNetUsers] AS [a.Article.Author] ON [a.Article].[AuthorId] = [a.Article.Author].[Id]
LEFT JOIN [AppCategories] AS [a.Article.Category] ON [a.Article].[CategoryId] = [a.Article.Category].[Id]
INNER JOIN (
    SELECT TOP(1) [t0].[Id]
    FROM [AppTags] AS [t0]
    WHERE [t0].[Id] = @__id_0
    ORDER BY [t0].[Id]
) AS [t1] ON [t.ArticleTags].[TagId] = [t1].[Id]
ORDER BY [t1].[Id]" (0723d8ff)
2018-09-15T22:12:21.6663944+03:00 0HLGR7PR4LAMT:00000001 [INF] Executed action method "DemoBlog.Controllers.TagsController.GetTag (DemoBlog)", returned result "Microsoft.AspNetCore.Mvc.OkObjectResult" in 2523.2311ms. (50a9e262)
2018-09-15T22:12:21.6794622+03:00 0HLGR7PR4LAMT:00000001 [INF] Executing ObjectResult, writing value of type '"DemoBlog.ViewModels.TagViewModel"'. (8a1b66c8)
2018-09-15T22:12:21.7148242+03:00 0HLGR7PR4LAMT:00000001 [INF] Executed action "DemoBlog.Controllers.TagsController.GetTag (DemoBlog)" in 2621.4249ms (afa2e885)
2018-09-15T22:12:21.7304217+03:00 0HLGR7PR4LAMT:00000001 [INF] Request finished in 2650.7971ms 200 application/json; charset=utf-8 (791a596a)
2018-09-15T22:13:28.0024765+03:00 0HLGR7PR4LAMT:00000002 [INF] Request starting HTTP/1.1 POST http://localhost:5000/api/articles application/json 99 (ca22a1cb)
2018-09-15T22:13:28.0055677+03:00 0HLGR7PR4LAMT:00000002 [INF] Route matched with "{action = \"CreateArticle\", controller = \"Articles\"}". Executing action "DemoBlog.Controllers.ArticlesController.CreateArticle (DemoBlog)" (a44c0341)
2018-09-15T22:13:28.0064458+03:00 0HLGR7PR4LAMT:00000002 [INF] Authorization failed. (b15dd539)
2018-09-15T22:13:28.0066991+03:00 0HLGR7PR4LAMT:00000002 [INF] Authorization failed for the request at filter '"Microsoft.AspNetCore.Mvc.Authorization.AuthorizeFilter"'. (8b6446cb)
2018-09-15T22:13:28.0068394+03:00 0HLGR7PR4LAMT:00000002 [INF] Executing ChallengeResult with authentication schemes ([]). (f3dca807)
2018-09-15T22:13:28.0183630+03:00 0HLGR7PR4LAMT:00000002 [INF] AuthenticationScheme: "Identity.Application" was challenged. (d45f1f38)
2018-09-15T22:13:28.0187232+03:00 0HLGR7PR4LAMT:00000002 [INF] Executed action "DemoBlog.Controllers.ArticlesController.CreateArticle (DemoBlog)" in 12.5527ms (afa2e885)
2018-09-15T22:13:28.0190811+03:00 0HLGR7PR4LAMT:00000002 [INF] Request finished in 16.854ms 302  (791a596a)
2018-09-15T22:13:28.0191894+03:00  [INF] Connection id ""0HLGR7PR4LAMT"", Request id ""0HLGR7PR4LAMT:00000002"": the application completed without reading the entire request body. (54ac9468)
2018-09-15T22:13:28.0270495+03:00 0HLGR7PR4LAMT:00000003 [INF] Request starting HTTP/1.1 GET http://localhost:5000/Account/Login?ReturnUrl=%2Fapi%2Farticles   (ca22a1cb)
2018-09-15T22:13:28.0279370+03:00 0HLGR7PR4LAMT:00000003 [INF] Request finished in 0.9525ms 404  (791a596a)
2018-09-15T22:13:57.3246683+03:00 0HLGR7PR4LAMT:00000004 [INF] Request starting HTTP/1.1 POST http://localhost:5000/api/articles application/json 99 (ca22a1cb)
2018-09-15T22:13:57.3257749+03:00 0HLGR7PR4LAMT:00000004 [INF] Route matched with "{action = \"CreateArticle\", controller = \"Articles\"}". Executing action "DemoBlog.Controllers.ArticlesController.CreateArticle (DemoBlog)" (a44c0341)
2018-09-15T22:13:57.3260645+03:00 0HLGR7PR4LAMT:00000004 [INF] Authorization failed. (b15dd539)
2018-09-15T22:13:57.3261611+03:00 0HLGR7PR4LAMT:00000004 [INF] Authorization failed for the request at filter '"Microsoft.AspNetCore.Mvc.Authorization.AuthorizeFilter"'. (8b6446cb)
2018-09-15T22:13:57.3262694+03:00 0HLGR7PR4LAMT:00000004 [INF] Executing ChallengeResult with authentication schemes ([]). (f3dca807)
2018-09-15T22:13:57.3264272+03:00 0HLGR7PR4LAMT:00000004 [INF] AuthenticationScheme: "Identity.Application" was challenged. (d45f1f38)
2018-09-15T22:13:57.3265701+03:00 0HLGR7PR4LAMT:00000004 [INF] Executed action "DemoBlog.Controllers.ArticlesController.CreateArticle (DemoBlog)" in 0.6407ms (afa2e885)
2018-09-15T22:13:57.3267326+03:00 0HLGR7PR4LAMT:00000004 [INF] Request finished in 2.1908ms 302  (791a596a)
2018-09-15T22:13:57.3268485+03:00  [INF] Connection id ""0HLGR7PR4LAMT"", Request id ""0HLGR7PR4LAMT:00000004"": the application completed without reading the entire request body. (54ac9468)
2018-09-15T22:13:57.3311310+03:00 0HLGR7PR4LAMT:00000005 [INF] Request starting HTTP/1.1 GET http://localhost:5000/Account/Login?ReturnUrl=%2Fapi%2Farticles   (ca22a1cb)
2018-09-15T22:13:57.3321259+03:00 0HLGR7PR4LAMT:00000005 [INF] Request finished in 0.9115ms 404  (791a596a)
2018-09-15T22:17:28.0432640+03:00 0HLGR7PR4LAMV:00000001 [INF] Request starting HTTP/1.1 GET http://localhost:5000/api/articles application/json  (ca22a1cb)
2018-09-15T22:17:28.0715955+03:00 0HLGR7PR4LAMV:00000001 [INF] Route matched with "{action = \"GetArticles\", controller = \"Articles\"}". Executing action "DemoBlog.Controllers.ArticlesController.GetArticles (DemoBlog)" (a44c0341)
2018-09-15T22:17:28.0808911+03:00 0HLGR7PR4LAMV:00000001 [INF] Executing action method "DemoBlog.Controllers.ArticlesController.GetArticles (DemoBlog)" - Validation state: Valid (dad538d7)
2018-09-15T22:17:28.0843103+03:00 0HLGR7PR4LAMV:00000001 [INF] Entity Framework Core "2.2.0-preview1-35029" initialized '"ApplicationDbContext"' using provider '"Microsoft.EntityFrameworkCore.SqlServer"' with options: "MigrationsAssembly=DemoBlog " (9958f5bb)
2018-09-15T22:17:28.1855193+03:00 0HLGR7PR4LAMV:00000001 [INF] Executed DbCommand ("8"ms) [Parameters=[""], CommandType='Text', CommandTimeout='30']"
""SELECT [a].[Id], [a].[AuthorId], [a].[Body], [a].[CategoryId], [a].[CreatedBy], [a].[CreatedDate], [a].[Slug], [a].[Title], [a].[UpdatedBy], [a].[UpdatedDate], [a.Category].[Id], [a.Category].[CreatedBy], [a.Category].[CreatedDate], [a.Category].[Name], [a.Category].[Slug], [a.Category].[UpdatedBy], [a.Category].[UpdatedDate], [a.Author].[Id], [a.Author].[AccessFailedCount], [a.Author].[ConcurrencyStamp], [a.Author].[CreatedBy], [a.Author].[CreatedDate], [a.Author].[Email], [a.Author].[EmailConfirmed], [a.Author].[FullName], [a.Author].[IsEnabled], [a.Author].[LockoutEnabled], [a.Author].[LockoutEnd], [a.Author].[NormalizedEmail], [a.Author].[NormalizedUserName], [a.Author].[PasswordHash], [a.Author].[PhoneNumber], [a.Author].[PhoneNumberConfirmed], [a.Author].[SecurityStamp], [a.Author].[TwoFactorEnabled], [a.Author].[UpdatedBy], [a.Author].[UpdatedDate], [a.Author].[UserName]
FROM [AppArticles] AS [a]
LEFT JOIN [AppCategories] AS [a.Category] ON [a].[CategoryId] = [a.Category].[Id]
LEFT JOIN [AspNetUsers] AS [a.Author] ON [a].[AuthorId] = [a.Author].[Id]" (0723d8ff)
2018-09-15T22:17:28.3282297+03:00 0HLGR7PR4LAMV:00000001 [INF] Executed action method "DemoBlog.Controllers.ArticlesController.GetArticles (DemoBlog)", returned result "Microsoft.AspNetCore.Mvc.OkObjectResult" in 247.1273ms. (50a9e262)
2018-09-15T22:17:28.3323184+03:00 0HLGR7PR4LAMV:00000001 [INF] Executing ObjectResult, writing value of type '"System.Collections.Generic.List`1[[DemoBlog.ViewModels.ArticleListViewModel, DemoBlog, Version=1.0.0.0, Culture=neutral, PublicKeyToken=null]]"'. (8a1b66c8)
2018-09-15T22:17:28.3330554+03:00 0HLGR7PR4LAMV:00000001 [INF] Executed action "DemoBlog.Controllers.ArticlesController.GetArticles (DemoBlog)" in 261.1844ms (afa2e885)
2018-09-15T22:17:28.3334570+03:00 0HLGR7PR4LAMV:00000001 [INF] Request finished in 290.4282ms 200 application/json; charset=utf-8 (791a596a)
2018-09-15T22:17:45.3993372+03:00 0HLGR7PR4LAMV:00000002 [INF] Request starting HTTP/1.1 POST http://localhost:5000/api/articles application/json 99 (ca22a1cb)
2018-09-15T22:17:45.4010858+03:00 0HLGR7PR4LAMV:00000002 [INF] Route matched with "{action = \"CreateArticle\", controller = \"Articles\"}". Executing action "DemoBlog.Controllers.ArticlesController.CreateArticle (DemoBlog)" (a44c0341)
2018-09-15T22:17:45.4012851+03:00 0HLGR7PR4LAMV:00000002 [INF] Authorization failed. (b15dd539)
2018-09-15T22:17:45.4013711+03:00 0HLGR7PR4LAMV:00000002 [INF] Authorization failed for the request at filter '"Microsoft.AspNetCore.Mvc.Authorization.AuthorizeFilter"'. (8b6446cb)
2018-09-15T22:17:45.4014776+03:00 0HLGR7PR4LAMV:00000002 [INF] Executing ChallengeResult with authentication schemes ([]). (f3dca807)
2018-09-15T22:17:45.4015999+03:00 0HLGR7PR4LAMV:00000002 [INF] AuthenticationScheme: "Identity.Application" was challenged. (d45f1f38)
2018-09-15T22:17:45.4016876+03:00 0HLGR7PR4LAMV:00000002 [INF] Executed action "DemoBlog.Controllers.ArticlesController.CreateArticle (DemoBlog)" in 0.4897ms (afa2e885)
2018-09-15T22:17:45.4018339+03:00 0HLGR7PR4LAMV:00000002 [INF] Request finished in 2.7306ms 302  (791a596a)
2018-09-15T22:17:45.4019319+03:00  [INF] Connection id ""0HLGR7PR4LAMV"", Request id ""0HLGR7PR4LAMV:00000002"": the application completed without reading the entire request body. (54ac9468)
2018-09-15T22:17:45.4059701+03:00 0HLGR7PR4LAMV:00000003 [INF] Request starting HTTP/1.1 GET http://localhost:5000/Account/Login?ReturnUrl=%2Fapi%2Farticles   (ca22a1cb)
2018-09-15T22:17:45.4069217+03:00 0HLGR7PR4LAMV:00000003 [INF] Request finished in 0.9949ms 404  (791a596a)
2018-09-15T22:36:24.9312989+03:00 0HLGR7PR4LAN1:00000001 [INF] Request starting HTTP/1.1 POST http://localhost:5000/api/account/roles application/json 570 (ca22a1cb)
2018-09-15T22:36:24.9636668+03:00 0HLGR7PR4LAN1:00000001 [INF] Route matched with "{action = \"CreateRole\", controller = \"Account\"}". Executing action "DemoBlog.Controllers.AccountController.CreateRole (DemoBlog)" (a44c0341)
2018-09-15T22:36:25.0256392+03:00 0HLGR7PR4LAN1:00000001 [INF] "Bearer" was not authenticated. Failure message: "Authentication failed because the access token was invalid." (48071232)
2018-09-15T22:36:25.0275075+03:00 0HLGR7PR4LAN1:00000001 [INF] Authorization failed. (b15dd539)
2018-09-15T22:36:25.0284413+03:00 0HLGR7PR4LAN1:00000001 [INF] Authorization failed for the request at filter '"Microsoft.AspNetCore.Mvc.Authorization.AuthorizeFilter"'. (8b6446cb)
2018-09-15T22:36:25.0290178+03:00 0HLGR7PR4LAN1:00000001 [INF] Executing ChallengeResult with authentication schemes (["Bearer"]). (f3dca807)
2018-09-15T22:36:25.0454224+03:00 0HLGR7PR4LAN1:00000001 [INF] AuthenticationScheme: "Bearer" was challenged. (d45f1f38)
2018-09-15T22:36:25.0455383+03:00 0HLGR7PR4LAN1:00000001 [INF] Executed action "DemoBlog.Controllers.AccountController.CreateRole (DemoBlog)" in 81.7752ms (afa2e885)
2018-09-15T22:36:25.0459485+03:00 0HLGR7PR4LAN1:00000001 [INF] Request finished in 114.7138ms 401  (791a596a)
2018-09-15T22:36:25.0461000+03:00  [INF] Connection id ""0HLGR7PR4LAN1"", Request id ""0HLGR7PR4LAN1:00000001"": the application completed without reading the entire request body. (54ac9468)
2018-09-15T22:36:41.1535410+03:00 0HLGR7PR4LAN1:00000002 [INF] Request starting HTTP/1.1 POST http://localhost:5000/api/articles application/json 99 (ca22a1cb)
2018-09-15T22:36:41.1549906+03:00 0HLGR7PR4LAN1:00000002 [INF] Route matched with "{action = \"CreateArticle\", controller = \"Articles\"}". Executing action "DemoBlog.Controllers.ArticlesController.CreateArticle (DemoBlog)" (a44c0341)
2018-09-15T22:36:41.1552220+03:00 0HLGR7PR4LAN1:00000002 [INF] Authorization failed. (b15dd539)
2018-09-15T22:36:41.1553071+03:00 0HLGR7PR4LAN1:00000002 [INF] Authorization failed for the request at filter '"Microsoft.AspNetCore.Mvc.Authorization.AuthorizeFilter"'. (8b6446cb)
2018-09-15T22:36:41.1554123+03:00 0HLGR7PR4LAN1:00000002 [INF] Executing ChallengeResult with authentication schemes ([]). (f3dca807)
2018-09-15T22:36:41.1555316+03:00 0HLGR7PR4LAN1:00000002 [INF] AuthenticationScheme: "Identity.Application" was challenged. (d45f1f38)
2018-09-15T22:36:41.1556668+03:00 0HLGR7PR4LAN1:00000002 [INF] Executed action "DemoBlog.Controllers.ArticlesController.CreateArticle (DemoBlog)" in 0.4829ms (afa2e885)
2018-09-15T22:36:41.1558678+03:00 0HLGR7PR4LAN1:00000002 [INF] Request finished in 3.0993ms 302  (791a596a)
2018-09-15T22:36:41.1560286+03:00  [INF] Connection id ""0HLGR7PR4LAN1"", Request id ""0HLGR7PR4LAN1:00000002"": the application completed without reading the entire request body. (54ac9468)
2018-09-15T22:36:41.1630824+03:00 0HLGR7PR4LAN1:00000003 [INF] Request starting HTTP/1.1 GET http://localhost:5000/Account/Login?ReturnUrl=%2Fapi%2Farticles   (ca22a1cb)
2018-09-15T22:36:41.1642656+03:00 0HLGR7PR4LAN1:00000003 [INF] Request finished in 1.2468ms 404  (791a596a)
2018-09-15T22:57:17.3185573+03:00 0HLGR7PR4LAN3:00000001 [INF] Request starting HTTP/1.1 POST http://localhost:5000/api/articles application/json 99 (ca22a1cb)
2018-09-15T22:57:17.3205659+03:00 0HLGR7PR4LAN3:00000001 [INF] Route matched with "{action = \"CreateArticle\", controller = \"Articles\"}". Executing action "DemoBlog.Controllers.ArticlesController.CreateArticle (DemoBlog)" (a44c0341)
2018-09-15T22:57:17.3207849+03:00 0HLGR7PR4LAN3:00000001 [INF] Authorization failed. (b15dd539)
2018-09-15T22:57:17.3208739+03:00 0HLGR7PR4LAN3:00000001 [INF] Authorization failed for the request at filter '"Microsoft.AspNetCore.Mvc.Authorization.AuthorizeFilter"'. (8b6446cb)
2018-09-15T22:57:17.3209846+03:00 0HLGR7PR4LAN3:00000001 [INF] Executing ChallengeResult with authentication schemes ([]). (f3dca807)
2018-09-15T22:57:17.3211040+03:00 0HLGR7PR4LAN3:00000001 [INF] AuthenticationScheme: "Identity.Application" was challenged. (d45f1f38)
2018-09-15T22:57:17.3211908+03:00 0HLGR7PR4LAN3:00000001 [INF] Executed action "DemoBlog.Controllers.ArticlesController.CreateArticle (DemoBlog)" in 0.509ms (afa2e885)
2018-09-15T22:57:17.3213281+03:00 0HLGR7PR4LAN3:00000001 [INF] Request finished in 3.0741ms 302  (791a596a)
2018-09-15T22:57:17.3214346+03:00  [INF] Connection id ""0HLGR7PR4LAN3"", Request id ""0HLGR7PR4LAN3:00000001"": the application completed without reading the entire request body. (54ac9468)
2018-09-15T22:57:17.3407490+03:00 0HLGR7PR4LAN3:00000002 [INF] Request starting HTTP/1.1 GET http://localhost:5000/Account/Login?ReturnUrl=%2Fapi%2Farticles   (ca22a1cb)
2018-09-15T22:57:17.3417918+03:00 0HLGR7PR4LAN3:00000002 [INF] Request finished in 0.9606ms 404  (791a596a)
2018-09-15T23:00:41.1592812+03:00 0HLGR7PR4LAN5:00000001 [INF] Request starting HTTP/1.1 POST http://localhost:5000/api/articles application/json 99 (ca22a1cb)
2018-09-15T23:00:41.1605344+03:00 0HLGR7PR4LAN5:00000001 [INF] Route matched with "{action = \"CreateArticle\", controller = \"Articles\"}". Executing action "DemoBlog.Controllers.ArticlesController.CreateArticle (DemoBlog)" (a44c0341)
2018-09-15T23:00:41.1611179+03:00 0HLGR7PR4LAN5:00000001 [INF] Authorization failed. (b15dd539)
2018-09-15T23:00:41.1612342+03:00 0HLGR7PR4LAN5:00000001 [INF] Authorization failed for the request at filter '"Microsoft.AspNetCore.Mvc.Authorization.AuthorizeFilter"'. (8b6446cb)
2018-09-15T23:00:41.1613403+03:00 0HLGR7PR4LAN5:00000001 [INF] Executing ChallengeResult with authentication schemes ([]). (f3dca807)
2018-09-15T23:00:41.1614647+03:00 0HLGR7PR4LAN5:00000001 [INF] AuthenticationScheme: "Identity.Application" was challenged. (d45f1f38)
2018-09-15T23:00:41.1615370+03:00 0HLGR7PR4LAN5:00000001 [INF] Executed action "DemoBlog.Controllers.ArticlesController.CreateArticle (DemoBlog)" in 0.5821ms (afa2e885)
2018-09-15T23:00:41.1619947+03:00 0HLGR7PR4LAN5:00000001 [INF] Request finished in 2.8085ms 302  (791a596a)
2018-09-15T23:00:41.1621555+03:00  [INF] Connection id ""0HLGR7PR4LAN5"", Request id ""0HLGR7PR4LAN5:00000001"": the application completed without reading the entire request body. (54ac9468)
2018-09-15T23:00:41.1805751+03:00 0HLGR7PR4LAN5:00000002 [INF] Request starting HTTP/1.1 GET http://localhost:5000/Account/Login?ReturnUrl=%2Fapi%2Farticles   (ca22a1cb)
2018-09-15T23:00:41.1820705+03:00 0HLGR7PR4LAN5:00000002 [INF] Request finished in 1.4863ms 404  (791a596a)
2018-09-15T23:49:28.1926514+03:00 0HLGR9IT8O1DJ:00000001 [INF] Request starting HTTP/1.1 POST http://localhost:5000/api/articles application/json 99 (ca22a1cb)
2018-09-15T23:49:28.2209379+03:00 0HLGR9IT8O1DJ:00000001 [WRN] Failed to determine the https port for redirect. (ca76cc21)
2018-09-15T23:49:28.5473848+03:00 0HLGR9IT8O1DJ:00000001 [ERR] An unhandled exception has occurred while executing the request. (48a46595)
System.InvalidOperationException: At least one signing key must be registered when using JWT as the access token format.
Consider registering a certificate using 'services.AddOpenIddict().AddServer().AddSigningCertificate()' or 'services.AddOpenIddict().AddServer().AddDevelopmentSigningCertificate()' or call 'services.AddOpenIddict().AddServer().AddEphemeralSigningKey()' to use an ephemeral key.
   at OpenIddict.Server.OpenIddictServerInitializer.PostConfigure(String name, OpenIddictServerOptions options)
   at Microsoft.Extensions.Options.OptionsFactory`1.Create(String name)
   at System.Lazy`1.ViaFactory(LazyThreadSafetyMode mode)
   at System.Lazy`1.ExecutionAndPublication(LazyHelper executionAndPublication, Boolean useDefaultConstructor)
   at System.Lazy`1.CreateValue()
   at Microsoft.AspNetCore.Authentication.AuthenticationHandler`1.InitializeAsync(AuthenticationScheme scheme, HttpContext context)
   at Microsoft.AspNetCore.Authentication.AuthenticationHandlerProvider.GetHandlerAsync(HttpContext context, String authenticationScheme)
   at Microsoft.AspNetCore.Authentication.AuthenticationMiddleware.Invoke(HttpContext context)
   at Microsoft.AspNetCore.StaticFiles.StaticFileMiddleware.Invoke(HttpContext context)
   at Microsoft.AspNetCore.Cors.Infrastructure.CorsMiddleware.Invoke(HttpContext context)
   at Microsoft.AspNetCore.Diagnostics.DeveloperExceptionPageMiddleware.Invoke(HttpContext context)
2018-09-15T23:49:28.7413400+03:00 0HLGR9IT8O1DJ:00000001 [INF] Request finished in 566.5337ms 500 text/html; charset=utf-8 (791a596a)
2018-09-15T23:49:28.7676696+03:00  [INF] Connection id ""0HLGR9IT8O1DJ"", Request id ""0HLGR9IT8O1DJ:00000001"": the application completed without reading the entire request body. (54ac9468)
2018-09-15T23:54:31.0838938+03:00 0HLGR9LNH6G28:00000001 [INF] Request starting HTTP/1.1 POST http://localhost:5000/api/articles application/json 99 (ca22a1cb)
2018-09-15T23:54:31.1089154+03:00 0HLGR9LNH6G28:00000001 [WRN] Failed to determine the https port for redirect. (ca76cc21)
2018-09-15T23:54:31.5528457+03:00 0HLGR9LNH6G28:00000001 [INF] Route matched with "{action = \"CreateArticle\", controller = \"Articles\"}". Executing action "DemoBlog.Controllers.ArticlesController.CreateArticle (DemoBlog)" (a44c0341)
2018-09-15T23:54:31.5756295+03:00 0HLGR9LNH6G28:00000001 [INF] Authorization failed. (b15dd539)
2018-09-15T23:54:31.5846162+03:00 0HLGR9LNH6G28:00000001 [INF] Authorization failed for the request at filter '"Microsoft.AspNetCore.Mvc.Authorization.AuthorizeFilter"'. (8b6446cb)
2018-09-15T23:54:31.5936624+03:00 0HLGR9LNH6G28:00000001 [INF] Executing ChallengeResult with authentication schemes ([]). (f3dca807)
2018-09-15T23:54:31.6214061+03:00 0HLGR9LNH6G28:00000001 [INF] AuthenticationScheme: "Identity.Application" was challenged. (d45f1f38)
2018-09-15T23:54:31.6276574+03:00 0HLGR9LNH6G28:00000001 [INF] Executed action "DemoBlog.Controllers.ArticlesController.CreateArticle (DemoBlog)" in 68.1343ms (afa2e885)
2018-09-15T23:54:31.6464320+03:00 0HLGR9LNH6G28:00000001 [INF] Request finished in 579.2943ms 302  (791a596a)
2018-09-15T23:54:31.6634764+03:00  [INF] Connection id ""0HLGR9LNH6G28"", Request id ""0HLGR9LNH6G28:00000001"": the application completed without reading the entire request body. (54ac9468)
2018-09-15T23:54:31.6644559+03:00 0HLGR9LNH6G28:00000002 [INF] Request starting HTTP/1.1 GET http://localhost:5000/Account/Login?ReturnUrl=%2Fapi%2Farticles   (ca22a1cb)
2018-09-15T23:54:31.6733883+03:00 0HLGR9LNH6G28:00000002 [INF] Request finished in 8.9097ms 404  (791a596a)
2018-09-15T23:58:11.7413601+03:00 0HLGR9NP99P07:00000001 [INF] Request starting HTTP/1.1 POST http://localhost:5000/api/articles application/json 99 (ca22a1cb)
2018-09-15T23:58:11.7866153+03:00 0HLGR9NP99P07:00000001 [WRN] Failed to determine the https port for redirect. (ca76cc21)
2018-09-15T23:58:12.2499088+03:00 0HLGR9NP99P07:00000001 [INF] Route matched with "{action = \"CreateArticle\", controller = \"Articles\"}". Executing action "DemoBlog.Controllers.ArticlesController.CreateArticle (DemoBlog)" (a44c0341)
2018-09-15T23:58:12.2798938+03:00 0HLGR9NP99P07:00000001 [INF] Authorization failed. (b15dd539)
2018-09-15T23:58:12.2895684+03:00 0HLGR9NP99P07:00000001 [INF] Authorization failed for the request at filter '"Microsoft.AspNetCore.Mvc.Authorization.AuthorizeFilter"'. (8b6446cb)
2018-09-15T23:58:12.3006065+03:00 0HLGR9NP99P07:00000001 [INF] Executing ChallengeResult with authentication schemes ([]). (f3dca807)
2018-09-15T23:58:12.3332778+03:00 0HLGR9NP99P07:00000001 [INF] AuthenticationScheme: "Identity.Application" was challenged. (d45f1f38)
2018-09-15T23:58:12.3411806+03:00 0HLGR9NP99P07:00000001 [INF] Executed action "DemoBlog.Controllers.ArticlesController.CreateArticle (DemoBlog)" in 83.0922ms (afa2e885)
2018-09-15T23:58:12.3741136+03:00 0HLGR9NP99P07:00000001 [INF] Request finished in 655.9705ms 302  (791a596a)
2018-09-15T23:58:12.3870300+03:00  [INF] Connection id ""0HLGR9NP99P07"", Request id ""0HLGR9NP99P07:00000001"": the application completed without reading the entire request body. (54ac9468)
2018-09-15T23:58:12.3917561+03:00 0HLGR9NP99P07:00000002 [INF] Request starting HTTP/1.1 GET http://localhost:5000/Account/Login?ReturnUrl=%2Fapi%2Farticles   (ca22a1cb)
2018-09-15T23:58:12.4008142+03:00 0HLGR9NP99P07:00000002 [INF] Request finished in 9.0979ms 404  (791a596a)
2018-09-15T23:59:53.4479475+03:00 0HLGR9ONIU86T:00000001 [INF] Request starting HTTP/1.1 POST http://localhost:5000/api/articles application/json 99 (ca22a1cb)
2018-09-15T23:59:53.4828379+03:00 0HLGR9ONIU86T:00000001 [WRN] Failed to determine the https port for redirect. (ca76cc21)
2018-09-15T23:59:53.9847965+03:00 0HLGR9ONIU86T:00000001 [INF] Request finished in 559.5471ms 404  (791a596a)
2018-09-15T23:59:54.0231682+03:00  [INF] Connection id ""0HLGR9ONIU86T"", Request id ""0HLGR9ONIU86T:00000001"": the application completed without reading the entire request body. (54ac9468)
